[1.416s] DEBUG:colcon:Command line arguments: ['/usr/bin/colcon', 'list', '-p', '--base-paths', '/home/robin/hka_projects/DIYrobotics/develop/DIY_ROS_Packages/diy_soft_gripper_driver']
[1.416s] DEBUG:colcon:Parsed command line arguments: Namespace(log_base=None, log_level=None, verb_name='list', build_base='build', ignore_user_meta=False, metas=['./colcon.meta'], base_paths=['/home/robin/hka_projects/DIYrobotics/develop/DIY_ROS_Packages/diy_soft_gripper_driver'], packages_ignore=None, packages_ignore_regex=None, paths=None, packages_up_to=None, packages_up_to_regex=None, packages_above=None, packages_above_and_dependencies=None, packages_above_depth=None, packages_select_by_dep=None, packages_skip_by_dep=None, packages_skip_up_to=None, packages_select_build_failed=False, packages_skip_build_finished=False, packages_select_test_failures=False, packages_skip_test_passed=False, packages_select=None, packages_skip=None, packages_select_regex=None, packages_skip_regex=None, packages_start=None, packages_end=None, allow_overriding=[], topological_order=False, names_only=False, paths_only=True, topological_graph=False, topological_graph_dot=False, topological_graph_density=False, topological_graph_legend=False, topological_graph_dot_cluster=False, topological_graph_dot_include_skipped=False, verb_parser=<colcon_defaults.argument_parser.defaults.DefaultArgumentsDecorator object at 0x7f7ff1418bb0>, verb_extension=<colcon_package_information.verb.list.ListVerb object at 0x7f7ff15778e0>, main=<bound method ListVerb.main of <colcon_package_information.verb.list.ListVerb object at 0x7f7ff15778e0>>)
[1.493s] Level 1:colcon.colcon_core.package_discovery:discover_packages(colcon_meta) check parameters
[1.493s] Level 1:colcon.colcon_core.package_discovery:discover_packages(recursive) check parameters
[1.493s] Level 1:colcon.colcon_core.package_discovery:discover_packages(ignore) check parameters
[1.493s] Level 1:colcon.colcon_core.package_discovery:discover_packages(path) check parameters
[1.493s] Level 1:colcon.colcon_core.package_discovery:discover_packages(recursive) discover
[1.493s] INFO:colcon.colcon_core.package_discovery:Crawling recursively for packages in '/home/robin/hka_projects/DIYrobotics/develop/DIY_ROS_Packages/diy_soft_gripper_driver'
[1.493s] Level 1:colcon.colcon_core.package_identification:_identify(/home/robin/hka_projects/DIYrobotics/develop/DIY_ROS_Packages/diy_soft_gripper_driver) by extensions ['ignore', 'ignore_ament_install']
[1.494s] Level 1:colcon.colcon_core.package_identification:_identify(/home/robin/hka_projects/DIYrobotics/develop/DIY_ROS_Packages/diy_soft_gripper_driver) by extension 'ignore'
[1.494s] Level 1:colcon.colcon_core.package_identification:_identify(/home/robin/hka_projects/DIYrobotics/develop/DIY_ROS_Packages/diy_soft_gripper_driver) by extension 'ignore_ament_install'
[1.494s] Level 1:colcon.colcon_core.package_identification:_identify(/home/robin/hka_projects/DIYrobotics/develop/DIY_ROS_Packages/diy_soft_gripper_driver) by extensions ['colcon_pkg']
[1.494s] Level 1:colcon.colcon_core.package_identification:_identify(/home/robin/hka_projects/DIYrobotics/develop/DIY_ROS_Packages/diy_soft_gripper_driver) by extension 'colcon_pkg'
[1.494s] Level 1:colcon.colcon_core.package_identification:_identify(/home/robin/hka_projects/DIYrobotics/develop/DIY_ROS_Packages/diy_soft_gripper_driver) by extensions ['colcon_meta']
[1.494s] Level 1:colcon.colcon_core.package_identification:_identify(/home/robin/hka_projects/DIYrobotics/develop/DIY_ROS_Packages/diy_soft_gripper_driver) by extension 'colcon_meta'
[1.494s] Level 1:colcon.colcon_core.package_identification:_identify(/home/robin/hka_projects/DIYrobotics/develop/DIY_ROS_Packages/diy_soft_gripper_driver) by extensions ['ros']
[1.494s] Level 1:colcon.colcon_core.package_identification:_identify(/home/robin/hka_projects/DIYrobotics/develop/DIY_ROS_Packages/diy_soft_gripper_driver) by extension 'ros'
[1.508s] Level 1:colcon.colcon_core.package_identification:_identify(/home/robin/hka_projects/DIYrobotics/develop/DIY_ROS_Packages/diy_soft_gripper_driver) by extensions ['cmake', 'python']
[1.508s] Level 1:colcon.colcon_core.package_identification:_identify(/home/robin/hka_projects/DIYrobotics/develop/DIY_ROS_Packages/diy_soft_gripper_driver) by extension 'cmake'
[1.508s] Level 1:colcon.colcon_core.package_identification:_identify(/home/robin/hka_projects/DIYrobotics/develop/DIY_ROS_Packages/diy_soft_gripper_driver) by extension 'python'
[1.508s] Level 1:colcon.colcon_core.package_identification:_identify(/home/robin/hka_projects/DIYrobotics/develop/DIY_ROS_Packages/diy_soft_gripper_driver) by extensions ['python_setup_py']
[1.508s] Level 1:colcon.colcon_core.package_identification:_identify(/home/robin/hka_projects/DIYrobotics/develop/DIY_ROS_Packages/diy_soft_gripper_driver) by extension 'python_setup_py'
[1.509s] Level 1:colcon.colcon_core.package_identification:_identify(/home/robin/hka_projects/DIYrobotics/develop/DIY_ROS_Packages/diy_soft_gripper_driver/log) by extensions ['ignore', 'ignore_ament_install']
[1.509s] Level 1:colcon.colcon_core.package_identification:_identify(/home/robin/hka_projects/DIYrobotics/develop/DIY_ROS_Packages/diy_soft_gripper_driver/log) by extension 'ignore'
[1.509s] Level 1:colcon.colcon_core.package_identification:_identify(/home/robin/hka_projects/DIYrobotics/develop/DIY_ROS_Packages/diy_soft_gripper_driver/log) ignored
[1.509s] Level 1:colcon.colcon_core.package_identification:_identify(/home/robin/hka_projects/DIYrobotics/develop/DIY_ROS_Packages/diy_soft_gripper_driver/src) by extensions ['ignore', 'ignore_ament_install']
[1.509s] Level 1:colcon.colcon_core.package_identification:_identify(/home/robin/hka_projects/DIYrobotics/develop/DIY_ROS_Packages/diy_soft_gripper_driver/src) by extension 'ignore'
[1.509s] Level 1:colcon.colcon_core.package_identification:_identify(/home/robin/hka_projects/DIYrobotics/develop/DIY_ROS_Packages/diy_soft_gripper_driver/src) by extension 'ignore_ament_install'
[1.509s] Level 1:colcon.colcon_core.package_identification:_identify(/home/robin/hka_projects/DIYrobotics/develop/DIY_ROS_Packages/diy_soft_gripper_driver/src) by extensions ['colcon_pkg']
[1.509s] Level 1:colcon.colcon_core.package_identification:_identify(/home/robin/hka_projects/DIYrobotics/develop/DIY_ROS_Packages/diy_soft_gripper_driver/src) by extension 'colcon_pkg'
[1.509s] Level 1:colcon.colcon_core.package_identification:_identify(/home/robin/hka_projects/DIYrobotics/develop/DIY_ROS_Packages/diy_soft_gripper_driver/src) by extensions ['colcon_meta']
[1.509s] Level 1:colcon.colcon_core.package_identification:_identify(/home/robin/hka_projects/DIYrobotics/develop/DIY_ROS_Packages/diy_soft_gripper_driver/src) by extension 'colcon_meta'
[1.510s] Level 1:colcon.colcon_core.package_identification:_identify(/home/robin/hka_projects/DIYrobotics/develop/DIY_ROS_Packages/diy_soft_gripper_driver/src) by extensions ['ros']
[1.510s] Level 1:colcon.colcon_core.package_identification:_identify(/home/robin/hka_projects/DIYrobotics/develop/DIY_ROS_Packages/diy_soft_gripper_driver/src) by extension 'ros'
[1.510s] Level 1:colcon.colcon_core.package_identification:_identify(/home/robin/hka_projects/DIYrobotics/develop/DIY_ROS_Packages/diy_soft_gripper_driver/src) by extensions ['cmake', 'python']
[1.510s] Level 1:colcon.colcon_core.package_identification:_identify(/home/robin/hka_projects/DIYrobotics/develop/DIY_ROS_Packages/diy_soft_gripper_driver/src) by extension 'cmake'
[1.510s] Level 1:colcon.colcon_core.package_identification:_identify(/home/robin/hka_projects/DIYrobotics/develop/DIY_ROS_Packages/diy_soft_gripper_driver/src) by extension 'python'
[1.510s] Level 1:colcon.colcon_core.package_identification:_identify(/home/robin/hka_projects/DIYrobotics/develop/DIY_ROS_Packages/diy_soft_gripper_driver/src) by extensions ['python_setup_py']
[1.510s] Level 1:colcon.colcon_core.package_identification:_identify(/home/robin/hka_projects/DIYrobotics/develop/DIY_ROS_Packages/diy_soft_gripper_driver/src) by extension 'python_setup_py'
[1.510s] Level 1:colcon.colcon_core.package_identification:_identify(/home/robin/hka_projects/DIYrobotics/develop/DIY_ROS_Packages/diy_soft_gripper_driver/src/diy_soft_gripper_driver) by extensions ['ignore', 'ignore_ament_install']
[1.510s] Level 1:colcon.colcon_core.package_identification:_identify(/home/robin/hka_projects/DIYrobotics/develop/DIY_ROS_Packages/diy_soft_gripper_driver/src/diy_soft_gripper_driver) by extension 'ignore'
[1.510s] Level 1:colcon.colcon_core.package_identification:_identify(/home/robin/hka_projects/DIYrobotics/develop/DIY_ROS_Packages/diy_soft_gripper_driver/src/diy_soft_gripper_driver) by extension 'ignore_ament_install'
[1.510s] Level 1:colcon.colcon_core.package_identification:_identify(/home/robin/hka_projects/DIYrobotics/develop/DIY_ROS_Packages/diy_soft_gripper_driver/src/diy_soft_gripper_driver) by extensions ['colcon_pkg']
[1.510s] Level 1:colcon.colcon_core.package_identification:_identify(/home/robin/hka_projects/DIYrobotics/develop/DIY_ROS_Packages/diy_soft_gripper_driver/src/diy_soft_gripper_driver) by extension 'colcon_pkg'
[1.510s] Level 1:colcon.colcon_core.package_identification:_identify(/home/robin/hka_projects/DIYrobotics/develop/DIY_ROS_Packages/diy_soft_gripper_driver/src/diy_soft_gripper_driver) by extensions ['colcon_meta']
[1.510s] Level 1:colcon.colcon_core.package_identification:_identify(/home/robin/hka_projects/DIYrobotics/develop/DIY_ROS_Packages/diy_soft_gripper_driver/src/diy_soft_gripper_driver) by extension 'colcon_meta'
[1.511s] Level 1:colcon.colcon_core.package_identification:_identify(/home/robin/hka_projects/DIYrobotics/develop/DIY_ROS_Packages/diy_soft_gripper_driver/src/diy_soft_gripper_driver) by extensions ['ros']
[1.511s] Level 1:colcon.colcon_core.package_identification:_identify(/home/robin/hka_projects/DIYrobotics/develop/DIY_ROS_Packages/diy_soft_gripper_driver/src/diy_soft_gripper_driver) by extension 'ros'
[1.514s] DEBUG:colcon.colcon_core.package_identification:Package '/home/robin/hka_projects/DIYrobotics/develop/DIY_ROS_Packages/diy_soft_gripper_driver/src/diy_soft_gripper_driver' with type 'ros.ament_cmake' and name 'diy_soft_gripper_driver'
[1.514s] Level 1:colcon.colcon_core.package_identification:_identify(/home/robin/hka_projects/DIYrobotics/develop/DIY_ROS_Packages/diy_soft_gripper_driver/src/include) by extensions ['ignore', 'ignore_ament_install']
[1.514s] Level 1:colcon.colcon_core.package_identification:_identify(/home/robin/hka_projects/DIYrobotics/develop/DIY_ROS_Packages/diy_soft_gripper_driver/src/include) by extension 'ignore'
[1.514s] Level 1:colcon.colcon_core.package_identification:_identify(/home/robin/hka_projects/DIYrobotics/develop/DIY_ROS_Packages/diy_soft_gripper_driver/src/include) by extension 'ignore_ament_install'
[1.514s] Level 1:colcon.colcon_core.package_identification:_identify(/home/robin/hka_projects/DIYrobotics/develop/DIY_ROS_Packages/diy_soft_gripper_driver/src/include) by extensions ['colcon_pkg']
[1.514s] Level 1:colcon.colcon_core.package_identification:_identify(/home/robin/hka_projects/DIYrobotics/develop/DIY_ROS_Packages/diy_soft_gripper_driver/src/include) by extension 'colcon_pkg'
[1.514s] Level 1:colcon.colcon_core.package_identification:_identify(/home/robin/hka_projects/DIYrobotics/develop/DIY_ROS_Packages/diy_soft_gripper_driver/src/include) by extensions ['colcon_meta']
[1.514s] Level 1:colcon.colcon_core.package_identification:_identify(/home/robin/hka_projects/DIYrobotics/develop/DIY_ROS_Packages/diy_soft_gripper_driver/src/include) by extension 'colcon_meta'
[1.514s] Level 1:colcon.colcon_core.package_identification:_identify(/home/robin/hka_projects/DIYrobotics/develop/DIY_ROS_Packages/diy_soft_gripper_driver/src/include) by extensions ['ros']
[1.514s] Level 1:colcon.colcon_core.package_identification:_identify(/home/robin/hka_projects/DIYrobotics/develop/DIY_ROS_Packages/diy_soft_gripper_driver/src/include) by extension 'ros'
[1.515s] Level 1:colcon.colcon_core.package_identification:_identify(/home/robin/hka_projects/DIYrobotics/develop/DIY_ROS_Packages/diy_soft_gripper_driver/src/include) by extensions ['cmake', 'python']
[1.515s] Level 1:colcon.colcon_core.package_identification:_identify(/home/robin/hka_projects/DIYrobotics/develop/DIY_ROS_Packages/diy_soft_gripper_driver/src/include) by extension 'cmake'
[1.515s] Level 1:colcon.colcon_core.package_identification:_identify(/home/robin/hka_projects/DIYrobotics/develop/DIY_ROS_Packages/diy_soft_gripper_driver/src/include) by extension 'python'
[1.515s] Level 1:colcon.colcon_core.package_identification:_identify(/home/robin/hka_projects/DIYrobotics/develop/DIY_ROS_Packages/diy_soft_gripper_driver/src/include) by extensions ['python_setup_py']
[1.515s] Level 1:colcon.colcon_core.package_identification:_identify(/home/robin/hka_projects/DIYrobotics/develop/DIY_ROS_Packages/diy_soft_gripper_driver/src/include) by extension 'python_setup_py'
[1.515s] Level 1:colcon.colcon_core.package_identification:_identify(/home/robin/hka_projects/DIYrobotics/develop/DIY_ROS_Packages/diy_soft_gripper_driver/src/include/esp32_gripper_driver) by extensions ['ignore', 'ignore_ament_install']
[1.515s] Level 1:colcon.colcon_core.package_identification:_identify(/home/robin/hka_projects/DIYrobotics/develop/DIY_ROS_Packages/diy_soft_gripper_driver/src/include/esp32_gripper_driver) by extension 'ignore'
[1.515s] Level 1:colcon.colcon_core.package_identification:_identify(/home/robin/hka_projects/DIYrobotics/develop/DIY_ROS_Packages/diy_soft_gripper_driver/src/include/esp32_gripper_driver) by extension 'ignore_ament_install'
[1.515s] Level 1:colcon.colcon_core.package_identification:_identify(/home/robin/hka_projects/DIYrobotics/develop/DIY_ROS_Packages/diy_soft_gripper_driver/src/include/esp32_gripper_driver) by extensions ['colcon_pkg']
[1.515s] Level 1:colcon.colcon_core.package_identification:_identify(/home/robin/hka_projects/DIYrobotics/develop/DIY_ROS_Packages/diy_soft_gripper_driver/src/include/esp32_gripper_driver) by extension 'colcon_pkg'
[1.515s] Level 1:colcon.colcon_core.package_identification:_identify(/home/robin/hka_projects/DIYrobotics/develop/DIY_ROS_Packages/diy_soft_gripper_driver/src/include/esp32_gripper_driver) by extensions ['colcon_meta']
[1.515s] Level 1:colcon.colcon_core.package_identification:_identify(/home/robin/hka_projects/DIYrobotics/develop/DIY_ROS_Packages/diy_soft_gripper_driver/src/include/esp32_gripper_driver) by extension 'colcon_meta'
[1.515s] Level 1:colcon.colcon_core.package_identification:_identify(/home/robin/hka_projects/DIYrobotics/develop/DIY_ROS_Packages/diy_soft_gripper_driver/src/include/esp32_gripper_driver) by extensions ['ros']
[1.515s] Level 1:colcon.colcon_core.package_identification:_identify(/home/robin/hka_projects/DIYrobotics/develop/DIY_ROS_Packages/diy_soft_gripper_driver/src/include/esp32_gripper_driver) by extension 'ros'
[1.516s] Level 1:colcon.colcon_core.package_identification:_identify(/home/robin/hka_projects/DIYrobotics/develop/DIY_ROS_Packages/diy_soft_gripper_driver/src/include/esp32_gripper_driver) by extensions ['cmake', 'python']
[1.516s] Level 1:colcon.colcon_core.package_identification:_identify(/home/robin/hka_projects/DIYrobotics/develop/DIY_ROS_Packages/diy_soft_gripper_driver/src/include/esp32_gripper_driver) by extension 'cmake'
[1.516s] Level 1:colcon.colcon_core.package_identification:_identify(/home/robin/hka_projects/DIYrobotics/develop/DIY_ROS_Packages/diy_soft_gripper_driver/src/include/esp32_gripper_driver) by extension 'python'
[1.516s] Level 1:colcon.colcon_core.package_identification:_identify(/home/robin/hka_projects/DIYrobotics/develop/DIY_ROS_Packages/diy_soft_gripper_driver/src/include/esp32_gripper_driver) by extensions ['python_setup_py']
[1.516s] Level 1:colcon.colcon_core.package_identification:_identify(/home/robin/hka_projects/DIYrobotics/develop/DIY_ROS_Packages/diy_soft_gripper_driver/src/include/esp32_gripper_driver) by extension 'python_setup_py'
[1.516s] Level 1:colcon.colcon_core.package_discovery:discover_packages(recursive) using defaults
