[0.086s] Invoking command in '/home/mathias/ProjektarbeitDIYGreifer/diy_soft_gripper_driver/diy_soft_gripper_driver/build/gripper_interface': CMAKE_PREFIX_PATH=${CMAKE_PREFIX_PATH}:/opt/ros/humble /usr/bin/cmake --build /home/mathias/ProjektarbeitDIYGreifer/diy_soft_gripper_driver/diy_soft_gripper_driver/build/gripper_interface -- -j16 -l16
[0.140s] [  6%] Built target gripper_interface__cpp
[0.140s] [ 12%] Built target gripper_interface__rosidl_generator_c
[0.151s] [ 12%] Built target ament_cmake_python_copy_gripper_interface
[0.167s] [ 45%] Built target gripper_interface__rosidl_typesupport_fastrtps_c
[0.167s] [ 45%] Built target gripper_interface__rosidl_typesupport_c
[0.167s] [ 48%] Built target gripper_interface__rosidl_typesupport_introspection_c
[0.167s] [ 54%] Built target gripper_interface__rosidl_typesupport_introspection_cpp
[0.167s] [ 61%] Built target gripper_interface__rosidl_typesupport_cpp
[0.171s] [ 70%] Built target gripper_interface__rosidl_typesupport_fastrtps_cpp
[0.196s] [ 70%] Built target gripper_interface
[0.221s] [ 74%] Built target gripper_interface__py
[0.247s] [ 80%] Built target gripper_interface__rosidl_generator_py
[0.272s] [ 93%] Built target gripper_interface__rosidl_typesupport_c__pyext
[0.272s] [ 93%] Built target gripper_interface__rosidl_typesupport_introspection_c__pyext
[0.272s] [100%] Built target gripper_interface__rosidl_typesupport_fastrtps_c__pyext
[0.374s] running egg_info
[0.375s] writing gripper_interface.egg-info/PKG-INFO
[0.375s] writing dependency_links to gripper_interface.egg-info/dependency_links.txt
[0.375s] writing top-level names to gripper_interface.egg-info/top_level.txt
[0.377s] reading manifest file 'gripper_interface.egg-info/SOURCES.txt'
[0.378s] writing manifest file 'gripper_interface.egg-info/SOURCES.txt'
[0.406s] [100%] Built target ament_cmake_python_build_gripper_interface_egg
[0.419s] Invoked command in '/home/mathias/ProjektarbeitDIYGreifer/diy_soft_gripper_driver/diy_soft_gripper_driver/build/gripper_interface' returned '0': CMAKE_PREFIX_PATH=${CMAKE_PREFIX_PATH}:/opt/ros/humble /usr/bin/cmake --build /home/mathias/ProjektarbeitDIYGreifer/diy_soft_gripper_driver/diy_soft_gripper_driver/build/gripper_interface -- -j16 -l16
[0.506s] Invoking command in '/home/mathias/ProjektarbeitDIYGreifer/diy_soft_gripper_driver/diy_soft_gripper_driver/build/gripper_interface': CMAKE_PREFIX_PATH=${CMAKE_PREFIX_PATH}:/opt/ros/humble /usr/bin/cmake --install /home/mathias/ProjektarbeitDIYGreifer/diy_soft_gripper_driver/diy_soft_gripper_driver/build/gripper_interface
[0.514s] -- Install configuration: ""
[0.515s] -- Up-to-date: /home/mathias/ProjektarbeitDIYGreifer/diy_soft_gripper_driver/diy_soft_gripper_driver/install/gripper_interface/share/ament_index/resource_index/rosidl_interfaces/gripper_interface
[0.515s] -- Up-to-date: /home/mathias/ProjektarbeitDIYGreifer/diy_soft_gripper_driver/diy_soft_gripper_driver/install/gripper_interface/include/gripper_interface/gripper_interface
[0.515s] -- Up-to-date: /home/mathias/ProjektarbeitDIYGreifer/diy_soft_gripper_driver/diy_soft_gripper_driver/install/gripper_interface/include/gripper_interface/gripper_interface/srv
[0.515s] -- Up-to-date: /home/mathias/ProjektarbeitDIYGreifer/diy_soft_gripper_driver/diy_soft_gripper_driver/install/gripper_interface/include/gripper_interface/gripper_interface/srv/detail
[0.515s] -- Up-to-date: /home/mathias/ProjektarbeitDIYGreifer/diy_soft_gripper_driver/diy_soft_gripper_driver/install/gripper_interface/include/gripper_interface/gripper_interface/srv/detail/gripper__functions.h
[0.515s] -- Up-to-date: /home/mathias/ProjektarbeitDIYGreifer/diy_soft_gripper_driver/diy_soft_gripper_driver/install/gripper_interface/include/gripper_interface/gripper_interface/srv/detail/gripper__type_support.h
[0.515s] -- Up-to-date: /home/mathias/ProjektarbeitDIYGreifer/diy_soft_gripper_driver/diy_soft_gripper_driver/install/gripper_interface/include/gripper_interface/gripper_interface/srv/detail/gripper__struct.h
[0.515s] -- Up-to-date: /home/mathias/ProjektarbeitDIYGreifer/diy_soft_gripper_driver/diy_soft_gripper_driver/install/gripper_interface/include/gripper_interface/gripper_interface/srv/detail/gripper__functions.c
[0.515s] -- Up-to-date: /home/mathias/ProjektarbeitDIYGreifer/diy_soft_gripper_driver/diy_soft_gripper_driver/install/gripper_interface/include/gripper_interface/gripper_interface/srv/gripper.h
[0.515s] -- Up-to-date: /home/mathias/ProjektarbeitDIYGreifer/diy_soft_gripper_driver/diy_soft_gripper_driver/install/gripper_interface/include/gripper_interface/gripper_interface/msg
[0.515s] -- Up-to-date: /home/mathias/ProjektarbeitDIYGreifer/diy_soft_gripper_driver/diy_soft_gripper_driver/install/gripper_interface/include/gripper_interface/gripper_interface/msg/rosidl_generator_c__visibility_control.h
[0.515s] -- Up-to-date: /home/mathias/ProjektarbeitDIYGreifer/diy_soft_gripper_driver/diy_soft_gripper_driver/install/gripper_interface/share/gripper_interface/environment/library_path.sh
[0.516s] -- Up-to-date: /home/mathias/ProjektarbeitDIYGreifer/diy_soft_gripper_driver/diy_soft_gripper_driver/install/gripper_interface/share/gripper_interface/environment/library_path.dsv
[0.516s] -- Up-to-date: /home/mathias/ProjektarbeitDIYGreifer/diy_soft_gripper_driver/diy_soft_gripper_driver/install/gripper_interface/lib/libgripper_interface__rosidl_generator_c.so
[0.516s] -- Up-to-date: /home/mathias/ProjektarbeitDIYGreifer/diy_soft_gripper_driver/diy_soft_gripper_driver/install/gripper_interface/include/gripper_interface/gripper_interface
[0.516s] -- Up-to-date: /home/mathias/ProjektarbeitDIYGreifer/diy_soft_gripper_driver/diy_soft_gripper_driver/install/gripper_interface/include/gripper_interface/gripper_interface/srv
[0.516s] -- Up-to-date: /home/mathias/ProjektarbeitDIYGreifer/diy_soft_gripper_driver/diy_soft_gripper_driver/install/gripper_interface/include/gripper_interface/gripper_interface/srv/detail
[0.516s] -- Up-to-date: /home/mathias/ProjektarbeitDIYGreifer/diy_soft_gripper_driver/diy_soft_gripper_driver/install/gripper_interface/include/gripper_interface/gripper_interface/srv/detail/gripper__rosidl_typesupport_fastrtps_c.h
[0.516s] -- Up-to-date: /home/mathias/ProjektarbeitDIYGreifer/diy_soft_gripper_driver/diy_soft_gripper_driver/install/gripper_interface/include/gripper_interface/gripper_interface/msg
[0.516s] -- Up-to-date: /home/mathias/ProjektarbeitDIYGreifer/diy_soft_gripper_driver/diy_soft_gripper_driver/install/gripper_interface/include/gripper_interface/gripper_interface/msg/rosidl_typesupport_fastrtps_c__visibility_control.h
[0.516s] -- Up-to-date: /home/mathias/ProjektarbeitDIYGreifer/diy_soft_gripper_driver/diy_soft_gripper_driver/install/gripper_interface/lib/libgripper_interface__rosidl_typesupport_fastrtps_c.so
[0.516s] -- Up-to-date: /home/mathias/ProjektarbeitDIYGreifer/diy_soft_gripper_driver/diy_soft_gripper_driver/install/gripper_interface/include/gripper_interface/gripper_interface
[0.516s] -- Up-to-date: /home/mathias/ProjektarbeitDIYGreifer/diy_soft_gripper_driver/diy_soft_gripper_driver/install/gripper_interface/include/gripper_interface/gripper_interface/srv
[0.516s] -- Up-to-date: /home/mathias/ProjektarbeitDIYGreifer/diy_soft_gripper_driver/diy_soft_gripper_driver/install/gripper_interface/include/gripper_interface/gripper_interface/srv/detail
[0.516s] -- Up-to-date: /home/mathias/ProjektarbeitDIYGreifer/diy_soft_gripper_driver/diy_soft_gripper_driver/install/gripper_interface/include/gripper_interface/gripper_interface/srv/detail/gripper__type_support.c
[0.516s] -- Up-to-date: /home/mathias/ProjektarbeitDIYGreifer/diy_soft_gripper_driver/diy_soft_gripper_driver/install/gripper_interface/include/gripper_interface/gripper_interface/srv/detail/gripper__rosidl_typesupport_introspection_c.h
[0.516s] -- Up-to-date: /home/mathias/ProjektarbeitDIYGreifer/diy_soft_gripper_driver/diy_soft_gripper_driver/install/gripper_interface/include/gripper_interface/gripper_interface/msg
[0.517s] -- Up-to-date: /home/mathias/ProjektarbeitDIYGreifer/diy_soft_gripper_driver/diy_soft_gripper_driver/install/gripper_interface/include/gripper_interface/gripper_interface/msg/rosidl_typesupport_introspection_c__visibility_control.h
[0.517s] -- Up-to-date: /home/mathias/ProjektarbeitDIYGreifer/diy_soft_gripper_driver/diy_soft_gripper_driver/install/gripper_interface/lib/libgripper_interface__rosidl_typesupport_introspection_c.so
[0.517s] -- Up-to-date: /home/mathias/ProjektarbeitDIYGreifer/diy_soft_gripper_driver/diy_soft_gripper_driver/install/gripper_interface/lib/libgripper_interface__rosidl_typesupport_c.so
[0.517s] -- Up-to-date: /home/mathias/ProjektarbeitDIYGreifer/diy_soft_gripper_driver/diy_soft_gripper_driver/install/gripper_interface/include/gripper_interface/gripper_interface
[0.517s] -- Up-to-date: /home/mathias/ProjektarbeitDIYGreifer/diy_soft_gripper_driver/diy_soft_gripper_driver/install/gripper_interface/include/gripper_interface/gripper_interface/srv
[0.517s] -- Up-to-date: /home/mathias/ProjektarbeitDIYGreifer/diy_soft_gripper_driver/diy_soft_gripper_driver/install/gripper_interface/include/gripper_interface/gripper_interface/srv/detail
[0.517s] -- Up-to-date: /home/mathias/ProjektarbeitDIYGreifer/diy_soft_gripper_driver/diy_soft_gripper_driver/install/gripper_interface/include/gripper_interface/gripper_interface/srv/detail/gripper__builder.hpp
[0.517s] -- Up-to-date: /home/mathias/ProjektarbeitDIYGreifer/diy_soft_gripper_driver/diy_soft_gripper_driver/install/gripper_interface/include/gripper_interface/gripper_interface/srv/detail/gripper__traits.hpp
[0.517s] -- Up-to-date: /home/mathias/ProjektarbeitDIYGreifer/diy_soft_gripper_driver/diy_soft_gripper_driver/install/gripper_interface/include/gripper_interface/gripper_interface/srv/detail/gripper__struct.hpp
[0.517s] -- Up-to-date: /home/mathias/ProjektarbeitDIYGreifer/diy_soft_gripper_driver/diy_soft_gripper_driver/install/gripper_interface/include/gripper_interface/gripper_interface/srv/gripper.hpp
[0.517s] -- Up-to-date: /home/mathias/ProjektarbeitDIYGreifer/diy_soft_gripper_driver/diy_soft_gripper_driver/install/gripper_interface/include/gripper_interface/gripper_interface
[0.517s] -- Up-to-date: /home/mathias/ProjektarbeitDIYGreifer/diy_soft_gripper_driver/diy_soft_gripper_driver/install/gripper_interface/include/gripper_interface/gripper_interface/srv
[0.517s] -- Up-to-date: /home/mathias/ProjektarbeitDIYGreifer/diy_soft_gripper_driver/diy_soft_gripper_driver/install/gripper_interface/include/gripper_interface/gripper_interface/srv/detail
[0.517s] -- Up-to-date: /home/mathias/ProjektarbeitDIYGreifer/diy_soft_gripper_driver/diy_soft_gripper_driver/install/gripper_interface/include/gripper_interface/gripper_interface/srv/detail/dds_fastrtps
[0.517s] -- Up-to-date: /home/mathias/ProjektarbeitDIYGreifer/diy_soft_gripper_driver/diy_soft_gripper_driver/install/gripper_interface/include/gripper_interface/gripper_interface/srv/detail/gripper__rosidl_typesupport_fastrtps_cpp.hpp
[0.518s] -- Up-to-date: /home/mathias/ProjektarbeitDIYGreifer/diy_soft_gripper_driver/diy_soft_gripper_driver/install/gripper_interface/include/gripper_interface/gripper_interface/msg
[0.518s] -- Up-to-date: /home/mathias/ProjektarbeitDIYGreifer/diy_soft_gripper_driver/diy_soft_gripper_driver/install/gripper_interface/include/gripper_interface/gripper_interface/msg/rosidl_typesupport_fastrtps_cpp__visibility_control.h
[0.518s] -- Up-to-date: /home/mathias/ProjektarbeitDIYGreifer/diy_soft_gripper_driver/diy_soft_gripper_driver/install/gripper_interface/lib/libgripper_interface__rosidl_typesupport_fastrtps_cpp.so
[0.518s] -- Up-to-date: /home/mathias/ProjektarbeitDIYGreifer/diy_soft_gripper_driver/diy_soft_gripper_driver/install/gripper_interface/include/gripper_interface/gripper_interface
[0.518s] -- Up-to-date: /home/mathias/ProjektarbeitDIYGreifer/diy_soft_gripper_driver/diy_soft_gripper_driver/install/gripper_interface/include/gripper_interface/gripper_interface/srv
[0.518s] -- Up-to-date: /home/mathias/ProjektarbeitDIYGreifer/diy_soft_gripper_driver/diy_soft_gripper_driver/install/gripper_interface/include/gripper_interface/gripper_interface/srv/detail
[0.518s] -- Up-to-date: /home/mathias/ProjektarbeitDIYGreifer/diy_soft_gripper_driver/diy_soft_gripper_driver/install/gripper_interface/include/gripper_interface/gripper_interface/srv/detail/gripper__rosidl_typesupport_introspection_cpp.hpp
[0.518s] -- Up-to-date: /home/mathias/ProjektarbeitDIYGreifer/diy_soft_gripper_driver/diy_soft_gripper_driver/install/gripper_interface/include/gripper_interface/gripper_interface/srv/detail/gripper__type_support.cpp
[0.518s] -- Up-to-date: /home/mathias/ProjektarbeitDIYGreifer/diy_soft_gripper_driver/diy_soft_gripper_driver/install/gripper_interface/lib/libgripper_interface__rosidl_typesupport_introspection_cpp.so
[0.519s] -- Up-to-date: /home/mathias/ProjektarbeitDIYGreifer/diy_soft_gripper_driver/diy_soft_gripper_driver/install/gripper_interface/lib/libgripper_interface__rosidl_typesupport_cpp.so
[0.519s] -- Up-to-date: /home/mathias/ProjektarbeitDIYGreifer/diy_soft_gripper_driver/diy_soft_gripper_driver/install/gripper_interface/share/gripper_interface/environment/pythonpath.sh
[0.519s] -- Up-to-date: /home/mathias/ProjektarbeitDIYGreifer/diy_soft_gripper_driver/diy_soft_gripper_driver/install/gripper_interface/share/gripper_interface/environment/pythonpath.dsv
[0.519s] -- Up-to-date: /home/mathias/ProjektarbeitDIYGreifer/diy_soft_gripper_driver/diy_soft_gripper_driver/install/gripper_interface/local/lib/python3.10/dist-packages/gripper_interface-0.0.0-py3.10.egg-info
[0.519s] -- Installing: /home/mathias/ProjektarbeitDIYGreifer/diy_soft_gripper_driver/diy_soft_gripper_driver/install/gripper_interface/local/lib/python3.10/dist-packages/gripper_interface-0.0.0-py3.10.egg-info/SOURCES.txt
[0.519s] -- Installing: /home/mathias/ProjektarbeitDIYGreifer/diy_soft_gripper_driver/diy_soft_gripper_driver/install/gripper_interface/local/lib/python3.10/dist-packages/gripper_interface-0.0.0-py3.10.egg-info/PKG-INFO
[0.519s] -- Installing: /home/mathias/ProjektarbeitDIYGreifer/diy_soft_gripper_driver/diy_soft_gripper_driver/install/gripper_interface/local/lib/python3.10/dist-packages/gripper_interface-0.0.0-py3.10.egg-info/top_level.txt
[0.520s] -- Installing: /home/mathias/ProjektarbeitDIYGreifer/diy_soft_gripper_driver/diy_soft_gripper_driver/install/gripper_interface/local/lib/python3.10/dist-packages/gripper_interface-0.0.0-py3.10.egg-info/dependency_links.txt
[0.520s] -- Up-to-date: /home/mathias/ProjektarbeitDIYGreifer/diy_soft_gripper_driver/diy_soft_gripper_driver/install/gripper_interface/local/lib/python3.10/dist-packages/gripper_interface
[0.520s] -- Up-to-date: /home/mathias/ProjektarbeitDIYGreifer/diy_soft_gripper_driver/diy_soft_gripper_driver/install/gripper_interface/local/lib/python3.10/dist-packages/gripper_interface/srv
[0.520s] -- Up-to-date: /home/mathias/ProjektarbeitDIYGreifer/diy_soft_gripper_driver/diy_soft_gripper_driver/install/gripper_interface/local/lib/python3.10/dist-packages/gripper_interface/srv/__init__.py
[0.520s] -- Up-to-date: /home/mathias/ProjektarbeitDIYGreifer/diy_soft_gripper_driver/diy_soft_gripper_driver/install/gripper_interface/local/lib/python3.10/dist-packages/gripper_interface/srv/_gripper_s.c
[0.520s] -- Up-to-date: /home/mathias/ProjektarbeitDIYGreifer/diy_soft_gripper_driver/diy_soft_gripper_driver/install/gripper_interface/local/lib/python3.10/dist-packages/gripper_interface/srv/_gripper.py
[0.520s] -- Up-to-date: /home/mathias/ProjektarbeitDIYGreifer/diy_soft_gripper_driver/diy_soft_gripper_driver/install/gripper_interface/local/lib/python3.10/dist-packages/gripper_interface/gripper_interface_s__rosidl_typesupport_c.cpython-310-x86_64-linux-gnu.so
[0.520s] -- Up-to-date: /home/mathias/ProjektarbeitDIYGreifer/diy_soft_gripper_driver/diy_soft_gripper_driver/install/gripper_interface/local/lib/python3.10/dist-packages/gripper_interface/__init__.py
[0.520s] -- Up-to-date: /home/mathias/ProjektarbeitDIYGreifer/diy_soft_gripper_driver/diy_soft_gripper_driver/install/gripper_interface/local/lib/python3.10/dist-packages/gripper_interface/_gripper_interface_s.ep.rosidl_typesupport_c.c
[0.520s] -- Up-to-date: /home/mathias/ProjektarbeitDIYGreifer/diy_soft_gripper_driver/diy_soft_gripper_driver/install/gripper_interface/local/lib/python3.10/dist-packages/gripper_interface/gripper_interface_s__rosidl_typesupport_introspection_c.cpython-310-x86_64-linux-gnu.so
[0.520s] -- Up-to-date: /home/mathias/ProjektarbeitDIYGreifer/diy_soft_gripper_driver/diy_soft_gripper_driver/install/gripper_interface/local/lib/python3.10/dist-packages/gripper_interface/libgripper_interface__rosidl_generator_py.so
[0.520s] -- Up-to-date: /home/mathias/ProjektarbeitDIYGreifer/diy_soft_gripper_driver/diy_soft_gripper_driver/install/gripper_interface/local/lib/python3.10/dist-packages/gripper_interface/_gripper_interface_s.ep.rosidl_typesupport_introspection_c.c
[0.521s] -- Up-to-date: /home/mathias/ProjektarbeitDIYGreifer/diy_soft_gripper_driver/diy_soft_gripper_driver/install/gripper_interface/local/lib/python3.10/dist-packages/gripper_interface/gripper_interface_s__rosidl_typesupport_fastrtps_c.cpython-310-x86_64-linux-gnu.so
[0.521s] -- Up-to-date: /home/mathias/ProjektarbeitDIYGreifer/diy_soft_gripper_driver/diy_soft_gripper_driver/install/gripper_interface/local/lib/python3.10/dist-packages/gripper_interface/_gripper_interface_s.ep.rosidl_typesupport_fastrtps_c.c
[0.547s] Listing '/home/mathias/ProjektarbeitDIYGreifer/diy_soft_gripper_driver/diy_soft_gripper_driver/install/gripper_interface/local/lib/python3.10/dist-packages/gripper_interface'...
[0.547s] Listing '/home/mathias/ProjektarbeitDIYGreifer/diy_soft_gripper_driver/diy_soft_gripper_driver/install/gripper_interface/local/lib/python3.10/dist-packages/gripper_interface/srv'...
[0.552s] -- Up-to-date: /home/mathias/ProjektarbeitDIYGreifer/diy_soft_gripper_driver/diy_soft_gripper_driver/install/gripper_interface/local/lib/python3.10/dist-packages/gripper_interface/gripper_interface_s__rosidl_typesupport_fastrtps_c.cpython-310-x86_64-linux-gnu.so
[0.552s] -- Up-to-date: /home/mathias/ProjektarbeitDIYGreifer/diy_soft_gripper_driver/diy_soft_gripper_driver/install/gripper_interface/local/lib/python3.10/dist-packages/gripper_interface/gripper_interface_s__rosidl_typesupport_introspection_c.cpython-310-x86_64-linux-gnu.so
[0.552s] -- Up-to-date: /home/mathias/ProjektarbeitDIYGreifer/diy_soft_gripper_driver/diy_soft_gripper_driver/install/gripper_interface/local/lib/python3.10/dist-packages/gripper_interface/gripper_interface_s__rosidl_typesupport_c.cpython-310-x86_64-linux-gnu.so
[0.552s] -- Up-to-date: /home/mathias/ProjektarbeitDIYGreifer/diy_soft_gripper_driver/diy_soft_gripper_driver/install/gripper_interface/lib/libgripper_interface__rosidl_generator_py.so
[0.553s] -- Up-to-date: /home/mathias/ProjektarbeitDIYGreifer/diy_soft_gripper_driver/diy_soft_gripper_driver/install/gripper_interface/share/gripper_interface/srv/Gripper.idl
[0.553s] -- Up-to-date: /home/mathias/ProjektarbeitDIYGreifer/diy_soft_gripper_driver/diy_soft_gripper_driver/install/gripper_interface/share/gripper_interface/srv/Gripper.srv
[0.553s] -- Up-to-date: /home/mathias/ProjektarbeitDIYGreifer/diy_soft_gripper_driver/diy_soft_gripper_driver/install/gripper_interface/share/gripper_interface/srv/Gripper_Request.msg
[0.553s] -- Up-to-date: /home/mathias/ProjektarbeitDIYGreifer/diy_soft_gripper_driver/diy_soft_gripper_driver/install/gripper_interface/share/gripper_interface/srv/Gripper_Response.msg
[0.553s] -- Up-to-date: /home/mathias/ProjektarbeitDIYGreifer/diy_soft_gripper_driver/diy_soft_gripper_driver/install/gripper_interface/share/ament_index/resource_index/package_run_dependencies/gripper_interface
[0.553s] -- Up-to-date: /home/mathias/ProjektarbeitDIYGreifer/diy_soft_gripper_driver/diy_soft_gripper_driver/install/gripper_interface/share/ament_index/resource_index/parent_prefix_path/gripper_interface
[0.553s] -- Up-to-date: /home/mathias/ProjektarbeitDIYGreifer/diy_soft_gripper_driver/diy_soft_gripper_driver/install/gripper_interface/share/gripper_interface/environment/ament_prefix_path.sh
[0.553s] -- Up-to-date: /home/mathias/ProjektarbeitDIYGreifer/diy_soft_gripper_driver/diy_soft_gripper_driver/install/gripper_interface/share/gripper_interface/environment/ament_prefix_path.dsv
[0.553s] -- Up-to-date: /home/mathias/ProjektarbeitDIYGreifer/diy_soft_gripper_driver/diy_soft_gripper_driver/install/gripper_interface/share/gripper_interface/environment/path.sh
[0.553s] -- Up-to-date: /home/mathias/ProjektarbeitDIYGreifer/diy_soft_gripper_driver/diy_soft_gripper_driver/install/gripper_interface/share/gripper_interface/environment/path.dsv
[0.553s] -- Up-to-date: /home/mathias/ProjektarbeitDIYGreifer/diy_soft_gripper_driver/diy_soft_gripper_driver/install/gripper_interface/share/gripper_interface/local_setup.bash
[0.554s] -- Up-to-date: /home/mathias/ProjektarbeitDIYGreifer/diy_soft_gripper_driver/diy_soft_gripper_driver/install/gripper_interface/share/gripper_interface/local_setup.sh
[0.554s] -- Up-to-date: /home/mathias/ProjektarbeitDIYGreifer/diy_soft_gripper_driver/diy_soft_gripper_driver/install/gripper_interface/share/gripper_interface/local_setup.zsh
[0.554s] -- Up-to-date: /home/mathias/ProjektarbeitDIYGreifer/diy_soft_gripper_driver/diy_soft_gripper_driver/install/gripper_interface/share/gripper_interface/local_setup.dsv
[0.554s] -- Installing: /home/mathias/ProjektarbeitDIYGreifer/diy_soft_gripper_driver/diy_soft_gripper_driver/install/gripper_interface/share/gripper_interface/package.dsv
[0.554s] -- Up-to-date: /home/mathias/ProjektarbeitDIYGreifer/diy_soft_gripper_driver/diy_soft_gripper_driver/install/gripper_interface/share/ament_index/resource_index/packages/gripper_interface
[0.554s] -- Up-to-date: /home/mathias/ProjektarbeitDIYGreifer/diy_soft_gripper_driver/diy_soft_gripper_driver/install/gripper_interface/share/gripper_interface/cmake/export_gripper_interface__rosidl_generator_cExport.cmake
[0.554s] -- Up-to-date: /home/mathias/ProjektarbeitDIYGreifer/diy_soft_gripper_driver/diy_soft_gripper_driver/install/gripper_interface/share/gripper_interface/cmake/export_gripper_interface__rosidl_generator_cExport-noconfig.cmake
[0.554s] -- Up-to-date: /home/mathias/ProjektarbeitDIYGreifer/diy_soft_gripper_driver/diy_soft_gripper_driver/install/gripper_interface/share/gripper_interface/cmake/export_gripper_interface__rosidl_typesupport_fastrtps_cExport.cmake
[0.554s] -- Up-to-date: /home/mathias/ProjektarbeitDIYGreifer/diy_soft_gripper_driver/diy_soft_gripper_driver/install/gripper_interface/share/gripper_interface/cmake/export_gripper_interface__rosidl_typesupport_fastrtps_cExport-noconfig.cmake
[0.554s] -- Up-to-date: /home/mathias/ProjektarbeitDIYGreifer/diy_soft_gripper_driver/diy_soft_gripper_driver/install/gripper_interface/share/gripper_interface/cmake/gripper_interface__rosidl_typesupport_introspection_cExport.cmake
[0.554s] -- Up-to-date: /home/mathias/ProjektarbeitDIYGreifer/diy_soft_gripper_driver/diy_soft_gripper_driver/install/gripper_interface/share/gripper_interface/cmake/gripper_interface__rosidl_typesupport_introspection_cExport-noconfig.cmake
[0.554s] -- Up-to-date: /home/mathias/ProjektarbeitDIYGreifer/diy_soft_gripper_driver/diy_soft_gripper_driver/install/gripper_interface/share/gripper_interface/cmake/gripper_interface__rosidl_typesupport_cExport.cmake
[0.554s] -- Up-to-date: /home/mathias/ProjektarbeitDIYGreifer/diy_soft_gripper_driver/diy_soft_gripper_driver/install/gripper_interface/share/gripper_interface/cmake/gripper_interface__rosidl_typesupport_cExport-noconfig.cmake
[0.555s] -- Up-to-date: /home/mathias/ProjektarbeitDIYGreifer/diy_soft_gripper_driver/diy_soft_gripper_driver/install/gripper_interface/share/gripper_interface/cmake/export_gripper_interface__rosidl_generator_cppExport.cmake
[0.555s] -- Up-to-date: /home/mathias/ProjektarbeitDIYGreifer/diy_soft_gripper_driver/diy_soft_gripper_driver/install/gripper_interface/share/gripper_interface/cmake/export_gripper_interface__rosidl_typesupport_fastrtps_cppExport.cmake
[0.555s] -- Up-to-date: /home/mathias/ProjektarbeitDIYGreifer/diy_soft_gripper_driver/diy_soft_gripper_driver/install/gripper_interface/share/gripper_interface/cmake/export_gripper_interface__rosidl_typesupport_fastrtps_cppExport-noconfig.cmake
[0.555s] -- Up-to-date: /home/mathias/ProjektarbeitDIYGreifer/diy_soft_gripper_driver/diy_soft_gripper_driver/install/gripper_interface/share/gripper_interface/cmake/gripper_interface__rosidl_typesupport_introspection_cppExport.cmake
[0.555s] -- Up-to-date: /home/mathias/ProjektarbeitDIYGreifer/diy_soft_gripper_driver/diy_soft_gripper_driver/install/gripper_interface/share/gripper_interface/cmake/gripper_interface__rosidl_typesupport_introspection_cppExport-noconfig.cmake
[0.555s] -- Up-to-date: /home/mathias/ProjektarbeitDIYGreifer/diy_soft_gripper_driver/diy_soft_gripper_driver/install/gripper_interface/share/gripper_interface/cmake/gripper_interface__rosidl_typesupport_cppExport.cmake
[0.555s] -- Up-to-date: /home/mathias/ProjektarbeitDIYGreifer/diy_soft_gripper_driver/diy_soft_gripper_driver/install/gripper_interface/share/gripper_interface/cmake/gripper_interface__rosidl_typesupport_cppExport-noconfig.cmake
[0.555s] -- Up-to-date: /home/mathias/ProjektarbeitDIYGreifer/diy_soft_gripper_driver/diy_soft_gripper_driver/install/gripper_interface/share/gripper_interface/cmake/export_gripper_interface__rosidl_generator_pyExport.cmake
[0.555s] -- Up-to-date: /home/mathias/ProjektarbeitDIYGreifer/diy_soft_gripper_driver/diy_soft_gripper_driver/install/gripper_interface/share/gripper_interface/cmake/export_gripper_interface__rosidl_generator_pyExport-noconfig.cmake
[0.555s] -- Up-to-date: /home/mathias/ProjektarbeitDIYGreifer/diy_soft_gripper_driver/diy_soft_gripper_driver/install/gripper_interface/share/gripper_interface/cmake/rosidl_cmake-extras.cmake
[0.555s] -- Up-to-date: /home/mathias/ProjektarbeitDIYGreifer/diy_soft_gripper_driver/diy_soft_gripper_driver/install/gripper_interface/share/gripper_interface/cmake/ament_cmake_export_include_directories-extras.cmake
[0.555s] -- Up-to-date: /home/mathias/ProjektarbeitDIYGreifer/diy_soft_gripper_driver/diy_soft_gripper_driver/install/gripper_interface/share/gripper_interface/cmake/ament_cmake_export_libraries-extras.cmake
[0.555s] -- Up-to-date: /home/mathias/ProjektarbeitDIYGreifer/diy_soft_gripper_driver/diy_soft_gripper_driver/install/gripper_interface/share/gripper_interface/cmake/ament_cmake_export_targets-extras.cmake
[0.555s] -- Up-to-date: /home/mathias/ProjektarbeitDIYGreifer/diy_soft_gripper_driver/diy_soft_gripper_driver/install/gripper_interface/share/gripper_interface/cmake/rosidl_cmake_export_typesupport_targets-extras.cmake
[0.555s] -- Up-to-date: /home/mathias/ProjektarbeitDIYGreifer/diy_soft_gripper_driver/diy_soft_gripper_driver/install/gripper_interface/share/gripper_interface/cmake/ament_cmake_export_dependencies-extras.cmake
[0.556s] -- Up-to-date: /home/mathias/ProjektarbeitDIYGreifer/diy_soft_gripper_driver/diy_soft_gripper_driver/install/gripper_interface/share/gripper_interface/cmake/rosidl_cmake_export_typesupport_libraries-extras.cmake
[0.556s] -- Up-to-date: /home/mathias/ProjektarbeitDIYGreifer/diy_soft_gripper_driver/diy_soft_gripper_driver/install/gripper_interface/share/gripper_interface/cmake/gripper_interfaceConfig.cmake
[0.556s] -- Up-to-date: /home/mathias/ProjektarbeitDIYGreifer/diy_soft_gripper_driver/diy_soft_gripper_driver/install/gripper_interface/share/gripper_interface/cmake/gripper_interfaceConfig-version.cmake
[0.556s] -- Up-to-date: /home/mathias/ProjektarbeitDIYGreifer/diy_soft_gripper_driver/diy_soft_gripper_driver/install/gripper_interface/share/gripper_interface/package.xml
[0.558s] Invoked command in '/home/mathias/ProjektarbeitDIYGreifer/diy_soft_gripper_driver/diy_soft_gripper_driver/build/gripper_interface' returned '0': CMAKE_PREFIX_PATH=${CMAKE_PREFIX_PATH}:/opt/ros/humble /usr/bin/cmake --install /home/mathias/ProjektarbeitDIYGreifer/diy_soft_gripper_driver/diy_soft_gripper_driver/build/gripper_interface
