[0.084s] Invoking command in '/home/mathias/ProjektarbeitDIYGreifer/diy_soft_gripper_driver/diy_soft_gripper_driver/build/diy_soft_gripper_driver': CMAKE_PREFIX_PATH=/home/mathias/ProjektarbeitDIYGreifer/diy_soft_gripper_driver/diy_soft_gripper_driver/install/gripper_interface:/home/mathias/ProjektarbeitDIYGreifer/diy_soft_gripper_driver/diy_soft_gripper_driver/install/diy_soft_gripper_driver:/home/mathias/ros2_ws/install/diy_robotics_gripper:/home/mathias/ros2_ws/install/gripper_interface:/home/mathias/ros2_ws/install/cpp_srvcli_gripper:/home/mathias/ros2_ws/install/cpp_service:/opt/ros/humble /usr/bin/cmake --build /home/mathias/ProjektarbeitDIYGreifer/diy_soft_gripper_driver/diy_soft_gripper_driver/build/diy_soft_gripper_driver -- -j16 -l16
[0.132s] [35m[1mConsolidate compiler generated dependencies of target client[0m
[0.150s] [ 50%] Built target server
[0.154s] [ 75%] [32mBuilding CXX object CMakeFiles/client.dir/src/gripper_service_client.cpp.o[0m
[3.019s] [100%] [32m[1mLinking CXX executable client[0m
[3.180s] [100%] Built target client
[3.194s] Invoked command in '/home/mathias/ProjektarbeitDIYGreifer/diy_soft_gripper_driver/diy_soft_gripper_driver/build/diy_soft_gripper_driver' returned '0': CMAKE_PREFIX_PATH=/home/mathias/ProjektarbeitDIYGreifer/diy_soft_gripper_driver/diy_soft_gripper_driver/install/gripper_interface:/home/mathias/ProjektarbeitDIYGreifer/diy_soft_gripper_driver/diy_soft_gripper_driver/install/diy_soft_gripper_driver:/home/mathias/ros2_ws/install/diy_robotics_gripper:/home/mathias/ros2_ws/install/gripper_interface:/home/mathias/ros2_ws/install/cpp_srvcli_gripper:/home/mathias/ros2_ws/install/cpp_service:/opt/ros/humble /usr/bin/cmake --build /home/mathias/ProjektarbeitDIYGreifer/diy_soft_gripper_driver/diy_soft_gripper_driver/build/diy_soft_gripper_driver -- -j16 -l16
[3.234s] Invoking command in '/home/mathias/ProjektarbeitDIYGreifer/diy_soft_gripper_driver/diy_soft_gripper_driver/build/diy_soft_gripper_driver': CMAKE_PREFIX_PATH=/home/mathias/ProjektarbeitDIYGreifer/diy_soft_gripper_driver/diy_soft_gripper_driver/install/gripper_interface:/home/mathias/ProjektarbeitDIYGreifer/diy_soft_gripper_driver/diy_soft_gripper_driver/install/diy_soft_gripper_driver:/home/mathias/ros2_ws/install/diy_robotics_gripper:/home/mathias/ros2_ws/install/gripper_interface:/home/mathias/ros2_ws/install/cpp_srvcli_gripper:/home/mathias/ros2_ws/install/cpp_service:/opt/ros/humble /usr/bin/cmake --install /home/mathias/ProjektarbeitDIYGreifer/diy_soft_gripper_driver/diy_soft_gripper_driver/build/diy_soft_gripper_driver
[3.243s] -- Install configuration: ""
[3.243s] -- Up-to-date: /home/mathias/ProjektarbeitDIYGreifer/diy_soft_gripper_driver/diy_soft_gripper_driver/install/diy_soft_gripper_driver/lib/diy_soft_gripper_driver/server
[3.244s] -- Installing: /home/mathias/ProjektarbeitDIYGreifer/diy_soft_gripper_driver/diy_soft_gripper_driver/install/diy_soft_gripper_driver/lib/diy_soft_gripper_driver/client
[3.245s] -- Set runtime path of "/home/mathias/ProjektarbeitDIYGreifer/diy_soft_gripper_driver/diy_soft_gripper_driver/install/diy_soft_gripper_driver/lib/diy_soft_gripper_driver/client" to ""
[3.245s] -- Up-to-date: /home/mathias/ProjektarbeitDIYGreifer/diy_soft_gripper_driver/diy_soft_gripper_driver/install/diy_soft_gripper_driver/include/include
[3.245s] -- Up-to-date: /home/mathias/ProjektarbeitDIYGreifer/diy_soft_gripper_driver/diy_soft_gripper_driver/install/diy_soft_gripper_driver/include/include/diy_soft_gripper_driver
[3.245s] -- Up-to-date: /home/mathias/ProjektarbeitDIYGreifer/diy_soft_gripper_driver/diy_soft_gripper_driver/install/diy_soft_gripper_driver/include/include/diy_soft_gripper_driver/DataFormat.hpp
[3.246s] -- Up-to-date: /home/mathias/ProjektarbeitDIYGreifer/diy_soft_gripper_driver/diy_soft_gripper_driver/install/diy_soft_gripper_driver/include/include/diy_soft_gripper_driver/helpers.hpp
[3.246s] -- Up-to-date: /home/mathias/ProjektarbeitDIYGreifer/diy_soft_gripper_driver/diy_soft_gripper_driver/install/diy_soft_gripper_driver/include/include/diy_soft_gripper_driver/RobotConnection.hpp
[3.246s] -- Up-to-date: /home/mathias/ProjektarbeitDIYGreifer/diy_soft_gripper_driver/diy_soft_gripper_driver/install/diy_soft_gripper_driver/share/diy_soft_gripper_driver//launch
[3.246s] -- Up-to-date: /home/mathias/ProjektarbeitDIYGreifer/diy_soft_gripper_driver/diy_soft_gripper_driver/install/diy_soft_gripper_driver/share/diy_soft_gripper_driver//launch/controller.launch.py
[3.246s] -- Up-to-date: /home/mathias/ProjektarbeitDIYGreifer/diy_soft_gripper_driver/diy_soft_gripper_driver/install/diy_soft_gripper_driver/share/ament_index/resource_index/package_run_dependencies/diy_soft_gripper_driver
[3.246s] -- Up-to-date: /home/mathias/ProjektarbeitDIYGreifer/diy_soft_gripper_driver/diy_soft_gripper_driver/install/diy_soft_gripper_driver/share/ament_index/resource_index/parent_prefix_path/diy_soft_gripper_driver
[3.246s] -- Up-to-date: /home/mathias/ProjektarbeitDIYGreifer/diy_soft_gripper_driver/diy_soft_gripper_driver/install/diy_soft_gripper_driver/share/diy_soft_gripper_driver/environment/ament_prefix_path.sh
[3.246s] -- Up-to-date: /home/mathias/ProjektarbeitDIYGreifer/diy_soft_gripper_driver/diy_soft_gripper_driver/install/diy_soft_gripper_driver/share/diy_soft_gripper_driver/environment/ament_prefix_path.dsv
[3.246s] -- Up-to-date: /home/mathias/ProjektarbeitDIYGreifer/diy_soft_gripper_driver/diy_soft_gripper_driver/install/diy_soft_gripper_driver/share/diy_soft_gripper_driver/environment/path.sh
[3.246s] -- Up-to-date: /home/mathias/ProjektarbeitDIYGreifer/diy_soft_gripper_driver/diy_soft_gripper_driver/install/diy_soft_gripper_driver/share/diy_soft_gripper_driver/environment/path.dsv
[3.246s] -- Up-to-date: /home/mathias/ProjektarbeitDIYGreifer/diy_soft_gripper_driver/diy_soft_gripper_driver/install/diy_soft_gripper_driver/share/diy_soft_gripper_driver/local_setup.bash
[3.246s] -- Up-to-date: /home/mathias/ProjektarbeitDIYGreifer/diy_soft_gripper_driver/diy_soft_gripper_driver/install/diy_soft_gripper_driver/share/diy_soft_gripper_driver/local_setup.sh
[3.246s] -- Up-to-date: /home/mathias/ProjektarbeitDIYGreifer/diy_soft_gripper_driver/diy_soft_gripper_driver/install/diy_soft_gripper_driver/share/diy_soft_gripper_driver/local_setup.zsh
[3.246s] -- Up-to-date: /home/mathias/ProjektarbeitDIYGreifer/diy_soft_gripper_driver/diy_soft_gripper_driver/install/diy_soft_gripper_driver/share/diy_soft_gripper_driver/local_setup.dsv
[3.246s] -- Installing: /home/mathias/ProjektarbeitDIYGreifer/diy_soft_gripper_driver/diy_soft_gripper_driver/install/diy_soft_gripper_driver/share/diy_soft_gripper_driver/package.dsv
[3.246s] -- Up-to-date: /home/mathias/ProjektarbeitDIYGreifer/diy_soft_gripper_driver/diy_soft_gripper_driver/install/diy_soft_gripper_driver/share/ament_index/resource_index/packages/diy_soft_gripper_driver
[3.246s] -- Up-to-date: /home/mathias/ProjektarbeitDIYGreifer/diy_soft_gripper_driver/diy_soft_gripper_driver/install/diy_soft_gripper_driver/share/diy_soft_gripper_driver/cmake/ament_cmake_export_include_directories-extras.cmake
[3.247s] -- Up-to-date: /home/mathias/ProjektarbeitDIYGreifer/diy_soft_gripper_driver/diy_soft_gripper_driver/install/diy_soft_gripper_driver/share/diy_soft_gripper_driver/cmake/diy_soft_gripper_driverConfig.cmake
[3.247s] -- Up-to-date: /home/mathias/ProjektarbeitDIYGreifer/diy_soft_gripper_driver/diy_soft_gripper_driver/install/diy_soft_gripper_driver/share/diy_soft_gripper_driver/cmake/diy_soft_gripper_driverConfig-version.cmake
[3.247s] -- Up-to-date: /home/mathias/ProjektarbeitDIYGreifer/diy_soft_gripper_driver/diy_soft_gripper_driver/install/diy_soft_gripper_driver/share/diy_soft_gripper_driver/package.xml
[3.248s] Invoked command in '/home/mathias/ProjektarbeitDIYGreifer/diy_soft_gripper_driver/diy_soft_gripper_driver/build/diy_soft_gripper_driver' returned '0': CMAKE_PREFIX_PATH=/home/mathias/ProjektarbeitDIYGreifer/diy_soft_gripper_driver/diy_soft_gripper_driver/install/gripper_interface:/home/mathias/ProjektarbeitDIYGreifer/diy_soft_gripper_driver/diy_soft_gripper_driver/install/diy_soft_gripper_driver:/home/mathias/ros2_ws/install/diy_robotics_gripper:/home/mathias/ros2_ws/install/gripper_interface:/home/mathias/ros2_ws/install/cpp_srvcli_gripper:/home/mathias/ros2_ws/install/cpp_service:/opt/ros/humble /usr/bin/cmake --install /home/mathias/ProjektarbeitDIYGreifer/diy_soft_gripper_driver/diy_soft_gripper_driver/build/diy_soft_gripper_driver
