[ 25%] [32mBuilding CXX object CMakeFiles/server.dir/src/gripper_service_server.cpp.o[0m
[ 50%] [32mBuilding CXX object CMakeFiles/client.dir/src/gripper_service_client.cpp.o[0m
In file included from [01m[K/home/mathias/ProjektarbeitDIYGreifer/diy_soft_gripper_driver/diy_soft_gripper_driver/src/diy_soft_gripper_driver/include/diy_soft_gripper_driver/RobotConnection.hpp:20[m[K,
                 from [01m[K/home/mathias/ProjektarbeitDIYGreifer/diy_soft_gripper_driver/diy_soft_gripper_driver/src/diy_soft_gripper_driver/src/gripper_service_server.cpp:4[m[K:
[01m[K/home/mathias/ProjektarbeitDIYGreifer/diy_soft_gripper_driver/diy_soft_gripper_driver/src/diy_soft_gripper_driver/include/diy_soft_gripper_driver/DataFormat.hpp:23:36:[m[K [01;35m[Kwarning: [m[KISO C++ prohibits anonymous structs [[01;35m[K]8;;https://gcc.gnu.org/onlinedocs/gcc/Warning-Options.html#index-Wpedantic-Wpedantic]8;;[m[K]
   23 |     struct __attribute__((packed)) [01;35m[K{[m[K
      |                                    [01;35m[K^[m[K
[01m[K/home/mathias/ProjektarbeitDIYGreifer/diy_soft_gripper_driver/diy_soft_gripper_driver/src/diy_soft_gripper_driver/include/diy_soft_gripper_driver/DataFormat.hpp:37:36:[m[K [01;35m[Kwarning: [m[KISO C++ prohibits anonymous structs [[01;35m[K]8;;https://gcc.gnu.org/onlinedocs/gcc/Warning-Options.html#index-Wpedantic-Wpedantic]8;;[m[K]
   37 |     struct __attribute__((packed)) [01;35m[K{[m[K
      |                                    [01;35m[K^[m[K
[ 75%] [32m[1mLinking CXX executable server[0m
[100%] [32m[1mLinking CXX executable client[0m
[100%] Built target server
[100%] Built target client
-- Install configuration: ""
-- Installing: /home/mathias/ProjektarbeitDIYGreifer/diy_soft_gripper_driver/diy_soft_gripper_driver/install/diy_soft_gripper_driver/lib/diy_soft_gripper_driver/server
-- Set runtime path of "/home/mathias/ProjektarbeitDIYGreifer/diy_soft_gripper_driver/diy_soft_gripper_driver/install/diy_soft_gripper_driver/lib/diy_soft_gripper_driver/server" to ""
-- Installing: /home/mathias/ProjektarbeitDIYGreifer/diy_soft_gripper_driver/diy_soft_gripper_driver/install/diy_soft_gripper_driver/lib/diy_soft_gripper_driver/client
-- Set runtime path of "/home/mathias/ProjektarbeitDIYGreifer/diy_soft_gripper_driver/diy_soft_gripper_driver/install/diy_soft_gripper_driver/lib/diy_soft_gripper_driver/client" to ""
-- Up-to-date: /home/mathias/ProjektarbeitDIYGreifer/diy_soft_gripper_driver/diy_soft_gripper_driver/install/diy_soft_gripper_driver/include/include
-- Up-to-date: /home/mathias/ProjektarbeitDIYGreifer/diy_soft_gripper_driver/diy_soft_gripper_driver/install/diy_soft_gripper_driver/include/include/diy_soft_gripper_driver
-- Installing: /home/mathias/ProjektarbeitDIYGreifer/diy_soft_gripper_driver/diy_soft_gripper_driver/install/diy_soft_gripper_driver/include/include/diy_soft_gripper_driver/DataFormat.hpp
-- Up-to-date: /home/mathias/ProjektarbeitDIYGreifer/diy_soft_gripper_driver/diy_soft_gripper_driver/install/diy_soft_gripper_driver/include/include/diy_soft_gripper_driver/helpers.hpp
-- Installing: /home/mathias/ProjektarbeitDIYGreifer/diy_soft_gripper_driver/diy_soft_gripper_driver/install/diy_soft_gripper_driver/include/include/diy_soft_gripper_driver/RobotConnection.hpp
-- Up-to-date: /home/mathias/ProjektarbeitDIYGreifer/diy_soft_gripper_driver/diy_soft_gripper_driver/install/diy_soft_gripper_driver/share/ament_index/resource_index/package_run_dependencies/diy_soft_gripper_driver
-- Up-to-date: /home/mathias/ProjektarbeitDIYGreifer/diy_soft_gripper_driver/diy_soft_gripper_driver/install/diy_soft_gripper_driver/share/ament_index/resource_index/parent_prefix_path/diy_soft_gripper_driver
-- Up-to-date: /home/mathias/ProjektarbeitDIYGreifer/diy_soft_gripper_driver/diy_soft_gripper_driver/install/diy_soft_gripper_driver/share/diy_soft_gripper_driver/environment/ament_prefix_path.sh
-- Up-to-date: /home/mathias/ProjektarbeitDIYGreifer/diy_soft_gripper_driver/diy_soft_gripper_driver/install/diy_soft_gripper_driver/share/diy_soft_gripper_driver/environment/ament_prefix_path.dsv
-- Up-to-date: /home/mathias/ProjektarbeitDIYGreifer/diy_soft_gripper_driver/diy_soft_gripper_driver/install/diy_soft_gripper_driver/share/diy_soft_gripper_driver/environment/path.sh
-- Up-to-date: /home/mathias/ProjektarbeitDIYGreifer/diy_soft_gripper_driver/diy_soft_gripper_driver/install/diy_soft_gripper_driver/share/diy_soft_gripper_driver/environment/path.dsv
-- Up-to-date: /home/mathias/ProjektarbeitDIYGreifer/diy_soft_gripper_driver/diy_soft_gripper_driver/install/diy_soft_gripper_driver/share/diy_soft_gripper_driver/local_setup.bash
-- Up-to-date: /home/mathias/ProjektarbeitDIYGreifer/diy_soft_gripper_driver/diy_soft_gripper_driver/install/diy_soft_gripper_driver/share/diy_soft_gripper_driver/local_setup.sh
-- Up-to-date: /home/mathias/ProjektarbeitDIYGreifer/diy_soft_gripper_driver/diy_soft_gripper_driver/install/diy_soft_gripper_driver/share/diy_soft_gripper_driver/local_setup.zsh
-- Up-to-date: /home/mathias/ProjektarbeitDIYGreifer/diy_soft_gripper_driver/diy_soft_gripper_driver/install/diy_soft_gripper_driver/share/diy_soft_gripper_driver/local_setup.dsv
-- Installing: /home/mathias/ProjektarbeitDIYGreifer/diy_soft_gripper_driver/diy_soft_gripper_driver/install/diy_soft_gripper_driver/share/diy_soft_gripper_driver/package.dsv
-- Up-to-date: /home/mathias/ProjektarbeitDIYGreifer/diy_soft_gripper_driver/diy_soft_gripper_driver/install/diy_soft_gripper_driver/share/ament_index/resource_index/packages/diy_soft_gripper_driver
-- Up-to-date: /home/mathias/ProjektarbeitDIYGreifer/diy_soft_gripper_driver/diy_soft_gripper_driver/install/diy_soft_gripper_driver/share/diy_soft_gripper_driver/cmake/ament_cmake_export_include_directories-extras.cmake
-- Up-to-date: /home/mathias/ProjektarbeitDIYGreifer/diy_soft_gripper_driver/diy_soft_gripper_driver/install/diy_soft_gripper_driver/share/diy_soft_gripper_driver/cmake/diy_soft_gripper_driverConfig.cmake
-- Up-to-date: /home/mathias/ProjektarbeitDIYGreifer/diy_soft_gripper_driver/diy_soft_gripper_driver/install/diy_soft_gripper_driver/share/diy_soft_gripper_driver/cmake/diy_soft_gripper_driverConfig-version.cmake
-- Up-to-date: /home/mathias/ProjektarbeitDIYGreifer/diy_soft_gripper_driver/diy_soft_gripper_driver/install/diy_soft_gripper_driver/share/diy_soft_gripper_driver/package.xml
