-- Found ament_cmake: 1.3.7 (/opt/ros/humble/share/ament_cmake/cmake)
-- Found rclcpp: 16.0.8 (/opt/ros/humble/share/rclcpp/cmake)
-- Found rosidl_generator_c: 3.1.5 (/opt/ros/humble/share/rosidl_generator_c/cmake)
-- Found rosidl_adapter: 3.1.5 (/opt/ros/humble/share/rosidl_adapter/cmake)
-- Found rosidl_generator_cpp: 3.1.5 (/opt/ros/humble/share/rosidl_generator_cpp/cmake)
-- Using all available rosidl_typesupport_c: rosidl_typesupport_fastrtps_c;rosidl_typesupport_introspection_c
-- Using all available rosidl_typesupport_cpp: rosidl_typesupport_fastrtps_cpp;rosidl_typesupport_introspection_cpp
-- Found rmw_implementation_cmake: 6.1.1 (/opt/ros/humble/share/rmw_implementation_cmake/cmake)
-- Found rmw_fastrtps_cpp: 6.2.6 (/opt/ros/humble/share/rmw_fastrtps_cpp/cmake)
-- Using RMW implementation 'rmw_fastrtps_cpp' as default
-- Found gripper_interface: 0.0.0 (/home/mathias/ProjektarbeitDIYGreifer/diy_soft_gripper_driver/diy_soft_gripper_driver/install/gripper_interface/share/gripper_interface/cmake)
-- Found ament_lint_auto: 0.12.10 (/opt/ros/humble/share/ament_lint_auto/cmake)
-- Added test 'cppcheck' to perform static code analysis on C / C++ code
-- Configured cppcheck include dirs: /home/mathias/ProjektarbeitDIYGreifer/diy_soft_gripper_driver/diy_soft_gripper_driver/src/diy_soft_gripper_driver/include
-- Configured cppcheck exclude dirs and/or files: 
-- Added test 'flake8' to check Python code syntax and style conventions
-- Added test 'lint_cmake' to check CMake code style
-- Added test 'pep257' to check Python code against some of the docstring style conventions in PEP 257
-- Added test 'uncrustify' to check C / C++ code style
-- Configured uncrustify additional arguments: 
-- Added test 'xmllint' to check XML markup files
-- Configuring done
-- Generating done
-- Build files have been written to: /home/mathias/ProjektarbeitDIYGreifer/diy_soft_gripper_driver/diy_soft_gripper_driver/build/diy_soft_gripper_driver
[35m[1mConsolidate compiler generated dependencies of target server[0m
[ 25%] [32mBuilding CXX object CMakeFiles/client.dir/src/gripper_service_client_single_request.cpp.o[0m
[ 75%] Built target server
[100%] [32m[1mLinking CXX executable client[0m
[100%] Built target client
-- Install configuration: ""
-- Up-to-date: /home/mathias/ProjektarbeitDIYGreifer/diy_soft_gripper_driver/diy_soft_gripper_driver/install/diy_soft_gripper_driver/lib/diy_soft_gripper_driver/server
-- Installing: /home/mathias/ProjektarbeitDIYGreifer/diy_soft_gripper_driver/diy_soft_gripper_driver/install/diy_soft_gripper_driver/lib/diy_soft_gripper_driver/client
-- Set runtime path of "/home/mathias/ProjektarbeitDIYGreifer/diy_soft_gripper_driver/diy_soft_gripper_driver/install/diy_soft_gripper_driver/lib/diy_soft_gripper_driver/client" to ""
-- Up-to-date: /home/mathias/ProjektarbeitDIYGreifer/diy_soft_gripper_driver/diy_soft_gripper_driver/install/diy_soft_gripper_driver/include/include
-- Up-to-date: /home/mathias/ProjektarbeitDIYGreifer/diy_soft_gripper_driver/diy_soft_gripper_driver/install/diy_soft_gripper_driver/include/include/diy_soft_gripper_driver
-- Up-to-date: /home/mathias/ProjektarbeitDIYGreifer/diy_soft_gripper_driver/diy_soft_gripper_driver/install/diy_soft_gripper_driver/include/include/diy_soft_gripper_driver/DataFormat.hpp
-- Up-to-date: /home/mathias/ProjektarbeitDIYGreifer/diy_soft_gripper_driver/diy_soft_gripper_driver/install/diy_soft_gripper_driver/include/include/diy_soft_gripper_driver/helpers.hpp
-- Up-to-date: /home/mathias/ProjektarbeitDIYGreifer/diy_soft_gripper_driver/diy_soft_gripper_driver/install/diy_soft_gripper_driver/include/include/diy_soft_gripper_driver/RobotConnection.hpp
-- Up-to-date: /home/mathias/ProjektarbeitDIYGreifer/diy_soft_gripper_driver/diy_soft_gripper_driver/install/diy_soft_gripper_driver/share/diy_soft_gripper_driver//launch
-- Installing: /home/mathias/ProjektarbeitDIYGreifer/diy_soft_gripper_driver/diy_soft_gripper_driver/install/diy_soft_gripper_driver/share/diy_soft_gripper_driver//launch/controller.launch.py
-- Up-to-date: /home/mathias/ProjektarbeitDIYGreifer/diy_soft_gripper_driver/diy_soft_gripper_driver/install/diy_soft_gripper_driver/share/ament_index/resource_index/package_run_dependencies/diy_soft_gripper_driver
-- Up-to-date: /home/mathias/ProjektarbeitDIYGreifer/diy_soft_gripper_driver/diy_soft_gripper_driver/install/diy_soft_gripper_driver/share/ament_index/resource_index/parent_prefix_path/diy_soft_gripper_driver
-- Up-to-date: /home/mathias/ProjektarbeitDIYGreifer/diy_soft_gripper_driver/diy_soft_gripper_driver/install/diy_soft_gripper_driver/share/diy_soft_gripper_driver/environment/ament_prefix_path.sh
-- Installing: /home/mathias/ProjektarbeitDIYGreifer/diy_soft_gripper_driver/diy_soft_gripper_driver/install/diy_soft_gripper_driver/share/diy_soft_gripper_driver/environment/ament_prefix_path.dsv
-- Up-to-date: /home/mathias/ProjektarbeitDIYGreifer/diy_soft_gripper_driver/diy_soft_gripper_driver/install/diy_soft_gripper_driver/share/diy_soft_gripper_driver/environment/path.sh
-- Installing: /home/mathias/ProjektarbeitDIYGreifer/diy_soft_gripper_driver/diy_soft_gripper_driver/install/diy_soft_gripper_driver/share/diy_soft_gripper_driver/environment/path.dsv
-- Up-to-date: /home/mathias/ProjektarbeitDIYGreifer/diy_soft_gripper_driver/diy_soft_gripper_driver/install/diy_soft_gripper_driver/share/diy_soft_gripper_driver/local_setup.bash
-- Up-to-date: /home/mathias/ProjektarbeitDIYGreifer/diy_soft_gripper_driver/diy_soft_gripper_driver/install/diy_soft_gripper_driver/share/diy_soft_gripper_driver/local_setup.sh
-- Up-to-date: /home/mathias/ProjektarbeitDIYGreifer/diy_soft_gripper_driver/diy_soft_gripper_driver/install/diy_soft_gripper_driver/share/diy_soft_gripper_driver/local_setup.zsh
-- Installing: /home/mathias/ProjektarbeitDIYGreifer/diy_soft_gripper_driver/diy_soft_gripper_driver/install/diy_soft_gripper_driver/share/diy_soft_gripper_driver/local_setup.dsv
-- Installing: /home/mathias/ProjektarbeitDIYGreifer/diy_soft_gripper_driver/diy_soft_gripper_driver/install/diy_soft_gripper_driver/share/diy_soft_gripper_driver/package.dsv
-- Up-to-date: /home/mathias/ProjektarbeitDIYGreifer/diy_soft_gripper_driver/diy_soft_gripper_driver/install/diy_soft_gripper_driver/share/ament_index/resource_index/packages/diy_soft_gripper_driver
-- Up-to-date: /home/mathias/ProjektarbeitDIYGreifer/diy_soft_gripper_driver/diy_soft_gripper_driver/install/diy_soft_gripper_driver/share/diy_soft_gripper_driver/cmake/ament_cmake_export_include_directories-extras.cmake
-- Up-to-date: /home/mathias/ProjektarbeitDIYGreifer/diy_soft_gripper_driver/diy_soft_gripper_driver/install/diy_soft_gripper_driver/share/diy_soft_gripper_driver/cmake/diy_soft_gripper_driverConfig.cmake
-- Up-to-date: /home/mathias/ProjektarbeitDIYGreifer/diy_soft_gripper_driver/diy_soft_gripper_driver/install/diy_soft_gripper_driver/share/diy_soft_gripper_driver/cmake/diy_soft_gripper_driverConfig-version.cmake
-- Up-to-date: /home/mathias/ProjektarbeitDIYGreifer/diy_soft_gripper_driver/diy_soft_gripper_driver/install/diy_soft_gripper_driver/share/diy_soft_gripper_driver/package.xml
