[0.090s] Invoking command in '/home/mathias/ProjektarbeitDIYGreifer/diy_soft_gripper_driver/diy_soft_gripper_driver/build/gripper_interface': CMAKE_PREFIX_PATH=${CMAKE_PREFIX_PATH}:/opt/ros/humble /usr/bin/cmake --build /home/mathias/ProjektarbeitDIYGreifer/diy_soft_gripper_driver/diy_soft_gripper_driver/build/gripper_interface -- -j16 -l16
[0.147s] [  3%] Built target gripper_interface__cpp
[0.148s] [ 12%] Built target gripper_interface__rosidl_generator_c
[0.158s] [ 12%] Built target ament_cmake_python_copy_gripper_interface
[0.174s] [ 41%] Built target gripper_interface__rosidl_typesupport_introspection_cpp
[0.174s] [ 41%] Built target gripper_interface__rosidl_typesupport_fastrtps_cpp
[0.174s] [ 41%] Built target gripper_interface__rosidl_typesupport_cpp
[0.184s] [ 61%] Built target gripper_interface__rosidl_typesupport_c
[0.184s] [ 61%] Built target gripper_interface__rosidl_typesupport_introspection_c
[0.188s] [ 70%] Built target gripper_interface__rosidl_typesupport_fastrtps_c
[0.214s] [ 70%] Built target gripper_interface
[0.240s] [ 74%] Built target gripper_interface__py
[0.266s] [ 80%] Built target gripper_interface__rosidl_generator_py
[0.292s] [ 93%] Built target gripper_interface__rosidl_typesupport_introspection_c__pyext
[0.292s] [ 93%] Built target gripper_interface__rosidl_typesupport_fastrtps_c__pyext
[0.293s] [100%] Built target gripper_interface__rosidl_typesupport_c__pyext
[0.388s] running egg_info
[0.388s] writing gripper_interface.egg-info/PKG-INFO
[0.389s] writing dependency_links to gripper_interface.egg-info/dependency_links.txt
[0.389s] writing top-level names to gripper_interface.egg-info/top_level.txt
[0.391s] reading manifest file 'gripper_interface.egg-info/SOURCES.txt'
[0.391s] writing manifest file 'gripper_interface.egg-info/SOURCES.txt'
[0.421s] [100%] Built target ament_cmake_python_build_gripper_interface_egg
[0.436s] Invoked command in '/home/mathias/ProjektarbeitDIYGreifer/diy_soft_gripper_driver/diy_soft_gripper_driver/build/gripper_interface' returned '0': CMAKE_PREFIX_PATH=${CMAKE_PREFIX_PATH}:/opt/ros/humble /usr/bin/cmake --build /home/mathias/ProjektarbeitDIYGreifer/diy_soft_gripper_driver/diy_soft_gripper_driver/build/gripper_interface -- -j16 -l16
[0.519s] Invoking command in '/home/mathias/ProjektarbeitDIYGreifer/diy_soft_gripper_driver/diy_soft_gripper_driver/build/gripper_interface': CMAKE_PREFIX_PATH=${CMAKE_PREFIX_PATH}:/opt/ros/humble /usr/bin/cmake --install /home/mathias/ProjektarbeitDIYGreifer/diy_soft_gripper_driver/diy_soft_gripper_driver/build/gripper_interface
[0.527s] -- Install configuration: ""
[0.527s] -- Up-to-date: /home/mathias/ProjektarbeitDIYGreifer/diy_soft_gripper_driver/diy_soft_gripper_driver/install/gripper_interface/share/ament_index/resource_index/rosidl_interfaces/gripper_interface
[0.527s] -- Up-to-date: /home/mathias/ProjektarbeitDIYGreifer/diy_soft_gripper_driver/diy_soft_gripper_driver/install/gripper_interface/include/gripper_interface/gripper_interface
[0.527s] -- Up-to-date: /home/mathias/ProjektarbeitDIYGreifer/diy_soft_gripper_driver/diy_soft_gripper_driver/install/gripper_interface/include/gripper_interface/gripper_interface/srv
[0.527s] -- Up-to-date: /home/mathias/ProjektarbeitDIYGreifer/diy_soft_gripper_driver/diy_soft_gripper_driver/install/gripper_interface/include/gripper_interface/gripper_interface/srv/detail
[0.527s] -- Up-to-date: /home/mathias/ProjektarbeitDIYGreifer/diy_soft_gripper_driver/diy_soft_gripper_driver/install/gripper_interface/include/gripper_interface/gripper_interface/srv/detail/gripper__functions.h
[0.527s] -- Up-to-date: /home/mathias/ProjektarbeitDIYGreifer/diy_soft_gripper_driver/diy_soft_gripper_driver/install/gripper_interface/include/gripper_interface/gripper_interface/srv/detail/gripper__type_support.h
[0.528s] -- Up-to-date: /home/mathias/ProjektarbeitDIYGreifer/diy_soft_gripper_driver/diy_soft_gripper_driver/install/gripper_interface/include/gripper_interface/gripper_interface/srv/detail/gripper__struct.h
[0.528s] -- Up-to-date: /home/mathias/ProjektarbeitDIYGreifer/diy_soft_gripper_driver/diy_soft_gripper_driver/install/gripper_interface/include/gripper_interface/gripper_interface/srv/detail/gripper__functions.c
[0.528s] -- Up-to-date: /home/mathias/ProjektarbeitDIYGreifer/diy_soft_gripper_driver/diy_soft_gripper_driver/install/gripper_interface/include/gripper_interface/gripper_interface/srv/gripper.h
[0.528s] -- Up-to-date: /home/mathias/ProjektarbeitDIYGreifer/diy_soft_gripper_driver/diy_soft_gripper_driver/install/gripper_interface/include/gripper_interface/gripper_interface/msg
[0.528s] -- Up-to-date: /home/mathias/ProjektarbeitDIYGreifer/diy_soft_gripper_driver/diy_soft_gripper_driver/install/gripper_interface/include/gripper_interface/gripper_interface/msg/rosidl_generator_c__visibility_control.h
[0.528s] -- Up-to-date: /home/mathias/ProjektarbeitDIYGreifer/diy_soft_gripper_driver/diy_soft_gripper_driver/install/gripper_interface/share/gripper_interface/environment/library_path.sh
[0.528s] -- Up-to-date: /home/mathias/ProjektarbeitDIYGreifer/diy_soft_gripper_driver/diy_soft_gripper_driver/install/gripper_interface/share/gripper_interface/environment/library_path.dsv
[0.528s] -- Up-to-date: /home/mathias/ProjektarbeitDIYGreifer/diy_soft_gripper_driver/diy_soft_gripper_driver/install/gripper_interface/lib/libgripper_interface__rosidl_generator_c.so
[0.528s] -- Up-to-date: /home/mathias/ProjektarbeitDIYGreifer/diy_soft_gripper_driver/diy_soft_gripper_driver/install/gripper_interface/include/gripper_interface/gripper_interface
[0.528s] -- Up-to-date: /home/mathias/ProjektarbeitDIYGreifer/diy_soft_gripper_driver/diy_soft_gripper_driver/install/gripper_interface/include/gripper_interface/gripper_interface/srv
[0.528s] -- Up-to-date: /home/mathias/ProjektarbeitDIYGreifer/diy_soft_gripper_driver/diy_soft_gripper_driver/install/gripper_interface/include/gripper_interface/gripper_interface/srv/detail
[0.529s] -- Up-to-date: /home/mathias/ProjektarbeitDIYGreifer/diy_soft_gripper_driver/diy_soft_gripper_driver/install/gripper_interface/include/gripper_interface/gripper_interface/srv/detail/gripper__rosidl_typesupport_fastrtps_c.h
[0.529s] -- Up-to-date: /home/mathias/ProjektarbeitDIYGreifer/diy_soft_gripper_driver/diy_soft_gripper_driver/install/gripper_interface/include/gripper_interface/gripper_interface/msg
[0.529s] -- Up-to-date: /home/mathias/ProjektarbeitDIYGreifer/diy_soft_gripper_driver/diy_soft_gripper_driver/install/gripper_interface/include/gripper_interface/gripper_interface/msg/rosidl_typesupport_fastrtps_c__visibility_control.h
[0.529s] -- Up-to-date: /home/mathias/ProjektarbeitDIYGreifer/diy_soft_gripper_driver/diy_soft_gripper_driver/install/gripper_interface/lib/libgripper_interface__rosidl_typesupport_fastrtps_c.so
[0.529s] -- Up-to-date: /home/mathias/ProjektarbeitDIYGreifer/diy_soft_gripper_driver/diy_soft_gripper_driver/install/gripper_interface/include/gripper_interface/gripper_interface
[0.529s] -- Up-to-date: /home/mathias/ProjektarbeitDIYGreifer/diy_soft_gripper_driver/diy_soft_gripper_driver/install/gripper_interface/include/gripper_interface/gripper_interface/srv
[0.529s] -- Up-to-date: /home/mathias/ProjektarbeitDIYGreifer/diy_soft_gripper_driver/diy_soft_gripper_driver/install/gripper_interface/include/gripper_interface/gripper_interface/srv/detail
[0.529s] -- Up-to-date: /home/mathias/ProjektarbeitDIYGreifer/diy_soft_gripper_driver/diy_soft_gripper_driver/install/gripper_interface/include/gripper_interface/gripper_interface/srv/detail/gripper__type_support.c
[0.529s] -- Up-to-date: /home/mathias/ProjektarbeitDIYGreifer/diy_soft_gripper_driver/diy_soft_gripper_driver/install/gripper_interface/include/gripper_interface/gripper_interface/srv/detail/gripper__rosidl_typesupport_introspection_c.h
[0.529s] -- Up-to-date: /home/mathias/ProjektarbeitDIYGreifer/diy_soft_gripper_driver/diy_soft_gripper_driver/install/gripper_interface/include/gripper_interface/gripper_interface/msg
[0.529s] -- Up-to-date: /home/mathias/ProjektarbeitDIYGreifer/diy_soft_gripper_driver/diy_soft_gripper_driver/install/gripper_interface/include/gripper_interface/gripper_interface/msg/rosidl_typesupport_introspection_c__visibility_control.h
[0.529s] -- Up-to-date: /home/mathias/ProjektarbeitDIYGreifer/diy_soft_gripper_driver/diy_soft_gripper_driver/install/gripper_interface/lib/libgripper_interface__rosidl_typesupport_introspection_c.so
[0.530s] -- Up-to-date: /home/mathias/ProjektarbeitDIYGreifer/diy_soft_gripper_driver/diy_soft_gripper_driver/install/gripper_interface/lib/libgripper_interface__rosidl_typesupport_c.so
[0.530s] -- Up-to-date: /home/mathias/ProjektarbeitDIYGreifer/diy_soft_gripper_driver/diy_soft_gripper_driver/install/gripper_interface/include/gripper_interface/gripper_interface
[0.530s] -- Up-to-date: /home/mathias/ProjektarbeitDIYGreifer/diy_soft_gripper_driver/diy_soft_gripper_driver/install/gripper_interface/include/gripper_interface/gripper_interface/srv
[0.530s] -- Up-to-date: /home/mathias/ProjektarbeitDIYGreifer/diy_soft_gripper_driver/diy_soft_gripper_driver/install/gripper_interface/include/gripper_interface/gripper_interface/srv/detail
[0.530s] -- Up-to-date: /home/mathias/ProjektarbeitDIYGreifer/diy_soft_gripper_driver/diy_soft_gripper_driver/install/gripper_interface/include/gripper_interface/gripper_interface/srv/detail/gripper__builder.hpp
[0.530s] -- Up-to-date: /home/mathias/ProjektarbeitDIYGreifer/diy_soft_gripper_driver/diy_soft_gripper_driver/install/gripper_interface/include/gripper_interface/gripper_interface/srv/detail/gripper__traits.hpp
[0.531s] -- Up-to-date: /home/mathias/ProjektarbeitDIYGreifer/diy_soft_gripper_driver/diy_soft_gripper_driver/install/gripper_interface/include/gripper_interface/gripper_interface/srv/detail/gripper__struct.hpp
[0.531s] -- Up-to-date: /home/mathias/ProjektarbeitDIYGreifer/diy_soft_gripper_driver/diy_soft_gripper_driver/install/gripper_interface/include/gripper_interface/gripper_interface/srv/gripper.hpp
[0.531s] -- Up-to-date: /home/mathias/ProjektarbeitDIYGreifer/diy_soft_gripper_driver/diy_soft_gripper_driver/install/gripper_interface/include/gripper_interface/gripper_interface
[0.531s] -- Up-to-date: /home/mathias/ProjektarbeitDIYGreifer/diy_soft_gripper_driver/diy_soft_gripper_driver/install/gripper_interface/include/gripper_interface/gripper_interface/srv
[0.531s] -- Up-to-date: /home/mathias/ProjektarbeitDIYGreifer/diy_soft_gripper_driver/diy_soft_gripper_driver/install/gripper_interface/include/gripper_interface/gripper_interface/srv/detail
[0.531s] -- Up-to-date: /home/mathias/ProjektarbeitDIYGreifer/diy_soft_gripper_driver/diy_soft_gripper_driver/install/gripper_interface/include/gripper_interface/gripper_interface/srv/detail/dds_fastrtps
[0.531s] -- Up-to-date: /home/mathias/ProjektarbeitDIYGreifer/diy_soft_gripper_driver/diy_soft_gripper_driver/install/gripper_interface/include/gripper_interface/gripper_interface/srv/detail/gripper__rosidl_typesupport_fastrtps_cpp.hpp
[0.531s] -- Up-to-date: /home/mathias/ProjektarbeitDIYGreifer/diy_soft_gripper_driver/diy_soft_gripper_driver/install/gripper_interface/include/gripper_interface/gripper_interface/msg
[0.531s] -- Up-to-date: /home/mathias/ProjektarbeitDIYGreifer/diy_soft_gripper_driver/diy_soft_gripper_driver/install/gripper_interface/include/gripper_interface/gripper_interface/msg/rosidl_typesupport_fastrtps_cpp__visibility_control.h
[0.531s] -- Up-to-date: /home/mathias/ProjektarbeitDIYGreifer/diy_soft_gripper_driver/diy_soft_gripper_driver/install/gripper_interface/lib/libgripper_interface__rosidl_typesupport_fastrtps_cpp.so
[0.531s] -- Up-to-date: /home/mathias/ProjektarbeitDIYGreifer/diy_soft_gripper_driver/diy_soft_gripper_driver/install/gripper_interface/include/gripper_interface/gripper_interface
[0.531s] -- Up-to-date: /home/mathias/ProjektarbeitDIYGreifer/diy_soft_gripper_driver/diy_soft_gripper_driver/install/gripper_interface/include/gripper_interface/gripper_interface/srv
[0.532s] -- Up-to-date: /home/mathias/ProjektarbeitDIYGreifer/diy_soft_gripper_driver/diy_soft_gripper_driver/install/gripper_interface/include/gripper_interface/gripper_interface/srv/detail
[0.532s] -- Up-to-date: /home/mathias/ProjektarbeitDIYGreifer/diy_soft_gripper_driver/diy_soft_gripper_driver/install/gripper_interface/include/gripper_interface/gripper_interface/srv/detail/gripper__rosidl_typesupport_introspection_cpp.hpp
[0.532s] -- Up-to-date: /home/mathias/ProjektarbeitDIYGreifer/diy_soft_gripper_driver/diy_soft_gripper_driver/install/gripper_interface/include/gripper_interface/gripper_interface/srv/detail/gripper__type_support.cpp
[0.532s] -- Up-to-date: /home/mathias/ProjektarbeitDIYGreifer/diy_soft_gripper_driver/diy_soft_gripper_driver/install/gripper_interface/lib/libgripper_interface__rosidl_typesupport_introspection_cpp.so
[0.532s] -- Up-to-date: /home/mathias/ProjektarbeitDIYGreifer/diy_soft_gripper_driver/diy_soft_gripper_driver/install/gripper_interface/lib/libgripper_interface__rosidl_typesupport_cpp.so
[0.532s] -- Up-to-date: /home/mathias/ProjektarbeitDIYGreifer/diy_soft_gripper_driver/diy_soft_gripper_driver/install/gripper_interface/share/gripper_interface/environment/pythonpath.sh
[0.533s] -- Up-to-date: /home/mathias/ProjektarbeitDIYGreifer/diy_soft_gripper_driver/diy_soft_gripper_driver/install/gripper_interface/share/gripper_interface/environment/pythonpath.dsv
[0.533s] -- Up-to-date: /home/mathias/ProjektarbeitDIYGreifer/diy_soft_gripper_driver/diy_soft_gripper_driver/install/gripper_interface/local/lib/python3.10/dist-packages/gripper_interface-0.0.0-py3.10.egg-info
[0.533s] -- Installing: /home/mathias/ProjektarbeitDIYGreifer/diy_soft_gripper_driver/diy_soft_gripper_driver/install/gripper_interface/local/lib/python3.10/dist-packages/gripper_interface-0.0.0-py3.10.egg-info/SOURCES.txt
[0.533s] -- Installing: /home/mathias/ProjektarbeitDIYGreifer/diy_soft_gripper_driver/diy_soft_gripper_driver/install/gripper_interface/local/lib/python3.10/dist-packages/gripper_interface-0.0.0-py3.10.egg-info/PKG-INFO
[0.534s] -- Installing: /home/mathias/ProjektarbeitDIYGreifer/diy_soft_gripper_driver/diy_soft_gripper_driver/install/gripper_interface/local/lib/python3.10/dist-packages/gripper_interface-0.0.0-py3.10.egg-info/top_level.txt
[0.534s] -- Installing: /home/mathias/ProjektarbeitDIYGreifer/diy_soft_gripper_driver/diy_soft_gripper_driver/install/gripper_interface/local/lib/python3.10/dist-packages/gripper_interface-0.0.0-py3.10.egg-info/dependency_links.txt
[0.534s] -- Up-to-date: /home/mathias/ProjektarbeitDIYGreifer/diy_soft_gripper_driver/diy_soft_gripper_driver/install/gripper_interface/local/lib/python3.10/dist-packages/gripper_interface
[0.534s] -- Up-to-date: /home/mathias/ProjektarbeitDIYGreifer/diy_soft_gripper_driver/diy_soft_gripper_driver/install/gripper_interface/local/lib/python3.10/dist-packages/gripper_interface/srv
[0.534s] -- Up-to-date: /home/mathias/ProjektarbeitDIYGreifer/diy_soft_gripper_driver/diy_soft_gripper_driver/install/gripper_interface/local/lib/python3.10/dist-packages/gripper_interface/srv/__init__.py
[0.534s] -- Up-to-date: /home/mathias/ProjektarbeitDIYGreifer/diy_soft_gripper_driver/diy_soft_gripper_driver/install/gripper_interface/local/lib/python3.10/dist-packages/gripper_interface/srv/_gripper_s.c
[0.534s] -- Up-to-date: /home/mathias/ProjektarbeitDIYGreifer/diy_soft_gripper_driver/diy_soft_gripper_driver/install/gripper_interface/local/lib/python3.10/dist-packages/gripper_interface/srv/_gripper.py
[0.534s] -- Up-to-date: /home/mathias/ProjektarbeitDIYGreifer/diy_soft_gripper_driver/diy_soft_gripper_driver/install/gripper_interface/local/lib/python3.10/dist-packages/gripper_interface/gripper_interface_s__rosidl_typesupport_c.cpython-310-x86_64-linux-gnu.so
[0.534s] -- Up-to-date: /home/mathias/ProjektarbeitDIYGreifer/diy_soft_gripper_driver/diy_soft_gripper_driver/install/gripper_interface/local/lib/python3.10/dist-packages/gripper_interface/__init__.py
[0.534s] -- Up-to-date: /home/mathias/ProjektarbeitDIYGreifer/diy_soft_gripper_driver/diy_soft_gripper_driver/install/gripper_interface/local/lib/python3.10/dist-packages/gripper_interface/_gripper_interface_s.ep.rosidl_typesupport_c.c
[0.535s] -- Up-to-date: /home/mathias/ProjektarbeitDIYGreifer/diy_soft_gripper_driver/diy_soft_gripper_driver/install/gripper_interface/local/lib/python3.10/dist-packages/gripper_interface/gripper_interface_s__rosidl_typesupport_introspection_c.cpython-310-x86_64-linux-gnu.so
[0.535s] -- Up-to-date: /home/mathias/ProjektarbeitDIYGreifer/diy_soft_gripper_driver/diy_soft_gripper_driver/install/gripper_interface/local/lib/python3.10/dist-packages/gripper_interface/libgripper_interface__rosidl_generator_py.so
[0.535s] -- Up-to-date: /home/mathias/ProjektarbeitDIYGreifer/diy_soft_gripper_driver/diy_soft_gripper_driver/install/gripper_interface/local/lib/python3.10/dist-packages/gripper_interface/_gripper_interface_s.ep.rosidl_typesupport_introspection_c.c
[0.535s] -- Up-to-date: /home/mathias/ProjektarbeitDIYGreifer/diy_soft_gripper_driver/diy_soft_gripper_driver/install/gripper_interface/local/lib/python3.10/dist-packages/gripper_interface/gripper_interface_s__rosidl_typesupport_fastrtps_c.cpython-310-x86_64-linux-gnu.so
[0.535s] -- Up-to-date: /home/mathias/ProjektarbeitDIYGreifer/diy_soft_gripper_driver/diy_soft_gripper_driver/install/gripper_interface/local/lib/python3.10/dist-packages/gripper_interface/_gripper_interface_s.ep.rosidl_typesupport_fastrtps_c.c
[0.562s] Listing '/home/mathias/ProjektarbeitDIYGreifer/diy_soft_gripper_driver/diy_soft_gripper_driver/install/gripper_interface/local/lib/python3.10/dist-packages/gripper_interface'...
[0.562s] Listing '/home/mathias/ProjektarbeitDIYGreifer/diy_soft_gripper_driver/diy_soft_gripper_driver/install/gripper_interface/local/lib/python3.10/dist-packages/gripper_interface/srv'...
[0.567s] -- Up-to-date: /home/mathias/ProjektarbeitDIYGreifer/diy_soft_gripper_driver/diy_soft_gripper_driver/install/gripper_interface/local/lib/python3.10/dist-packages/gripper_interface/gripper_interface_s__rosidl_typesupport_fastrtps_c.cpython-310-x86_64-linux-gnu.so
[0.568s] -- Up-to-date: /home/mathias/ProjektarbeitDIYGreifer/diy_soft_gripper_driver/diy_soft_gripper_driver/install/gripper_interface/local/lib/python3.10/dist-packages/gripper_interface/gripper_interface_s__rosidl_typesupport_introspection_c.cpython-310-x86_64-linux-gnu.so
[0.568s] -- Up-to-date: /home/mathias/ProjektarbeitDIYGreifer/diy_soft_gripper_driver/diy_soft_gripper_driver/install/gripper_interface/local/lib/python3.10/dist-packages/gripper_interface/gripper_interface_s__rosidl_typesupport_c.cpython-310-x86_64-linux-gnu.so
[0.568s] -- Up-to-date: /home/mathias/ProjektarbeitDIYGreifer/diy_soft_gripper_driver/diy_soft_gripper_driver/install/gripper_interface/lib/libgripper_interface__rosidl_generator_py.so
[0.568s] -- Up-to-date: /home/mathias/ProjektarbeitDIYGreifer/diy_soft_gripper_driver/diy_soft_gripper_driver/install/gripper_interface/share/gripper_interface/srv/Gripper.idl
[0.569s] -- Up-to-date: /home/mathias/ProjektarbeitDIYGreifer/diy_soft_gripper_driver/diy_soft_gripper_driver/install/gripper_interface/share/gripper_interface/srv/Gripper.srv
[0.569s] -- Up-to-date: /home/mathias/ProjektarbeitDIYGreifer/diy_soft_gripper_driver/diy_soft_gripper_driver/install/gripper_interface/share/gripper_interface/srv/Gripper_Request.msg
[0.569s] -- Up-to-date: /home/mathias/ProjektarbeitDIYGreifer/diy_soft_gripper_driver/diy_soft_gripper_driver/install/gripper_interface/share/gripper_interface/srv/Gripper_Response.msg
[0.569s] -- Up-to-date: /home/mathias/ProjektarbeitDIYGreifer/diy_soft_gripper_driver/diy_soft_gripper_driver/install/gripper_interface/share/ament_index/resource_index/package_run_dependencies/gripper_interface
[0.569s] -- Up-to-date: /home/mathias/ProjektarbeitDIYGreifer/diy_soft_gripper_driver/diy_soft_gripper_driver/install/gripper_interface/share/ament_index/resource_index/parent_prefix_path/gripper_interface
[0.569s] -- Up-to-date: /home/mathias/ProjektarbeitDIYGreifer/diy_soft_gripper_driver/diy_soft_gripper_driver/install/gripper_interface/share/gripper_interface/environment/ament_prefix_path.sh
[0.569s] -- Up-to-date: /home/mathias/ProjektarbeitDIYGreifer/diy_soft_gripper_driver/diy_soft_gripper_driver/install/gripper_interface/share/gripper_interface/environment/ament_prefix_path.dsv
[0.569s] -- Up-to-date: /home/mathias/ProjektarbeitDIYGreifer/diy_soft_gripper_driver/diy_soft_gripper_driver/install/gripper_interface/share/gripper_interface/environment/path.sh
[0.570s] -- Up-to-date: /home/mathias/ProjektarbeitDIYGreifer/diy_soft_gripper_driver/diy_soft_gripper_driver/install/gripper_interface/share/gripper_interface/environment/path.dsv
[0.570s] -- Up-to-date: /home/mathias/ProjektarbeitDIYGreifer/diy_soft_gripper_driver/diy_soft_gripper_driver/install/gripper_interface/share/gripper_interface/local_setup.bash
[0.570s] -- Up-to-date: /home/mathias/ProjektarbeitDIYGreifer/diy_soft_gripper_driver/diy_soft_gripper_driver/install/gripper_interface/share/gripper_interface/local_setup.sh
[0.570s] -- Up-to-date: /home/mathias/ProjektarbeitDIYGreifer/diy_soft_gripper_driver/diy_soft_gripper_driver/install/gripper_interface/share/gripper_interface/local_setup.zsh
[0.570s] -- Up-to-date: /home/mathias/ProjektarbeitDIYGreifer/diy_soft_gripper_driver/diy_soft_gripper_driver/install/gripper_interface/share/gripper_interface/local_setup.dsv
[0.570s] -- Installing: /home/mathias/ProjektarbeitDIYGreifer/diy_soft_gripper_driver/diy_soft_gripper_driver/install/gripper_interface/share/gripper_interface/package.dsv
[0.570s] -- Up-to-date: /home/mathias/ProjektarbeitDIYGreifer/diy_soft_gripper_driver/diy_soft_gripper_driver/install/gripper_interface/share/ament_index/resource_index/packages/gripper_interface
[0.570s] -- Up-to-date: /home/mathias/ProjektarbeitDIYGreifer/diy_soft_gripper_driver/diy_soft_gripper_driver/install/gripper_interface/share/gripper_interface/cmake/export_gripper_interface__rosidl_generator_cExport.cmake
[0.570s] -- Up-to-date: /home/mathias/ProjektarbeitDIYGreifer/diy_soft_gripper_driver/diy_soft_gripper_driver/install/gripper_interface/share/gripper_interface/cmake/export_gripper_interface__rosidl_generator_cExport-noconfig.cmake
[0.570s] -- Up-to-date: /home/mathias/ProjektarbeitDIYGreifer/diy_soft_gripper_driver/diy_soft_gripper_driver/install/gripper_interface/share/gripper_interface/cmake/export_gripper_interface__rosidl_typesupport_fastrtps_cExport.cmake
[0.570s] -- Up-to-date: /home/mathias/ProjektarbeitDIYGreifer/diy_soft_gripper_driver/diy_soft_gripper_driver/install/gripper_interface/share/gripper_interface/cmake/export_gripper_interface__rosidl_typesupport_fastrtps_cExport-noconfig.cmake
[0.570s] -- Up-to-date: /home/mathias/ProjektarbeitDIYGreifer/diy_soft_gripper_driver/diy_soft_gripper_driver/install/gripper_interface/share/gripper_interface/cmake/gripper_interface__rosidl_typesupport_introspection_cExport.cmake
[0.570s] -- Up-to-date: /home/mathias/ProjektarbeitDIYGreifer/diy_soft_gripper_driver/diy_soft_gripper_driver/install/gripper_interface/share/gripper_interface/cmake/gripper_interface__rosidl_typesupport_introspection_cExport-noconfig.cmake
[0.571s] -- Up-to-date: /home/mathias/ProjektarbeitDIYGreifer/diy_soft_gripper_driver/diy_soft_gripper_driver/install/gripper_interface/share/gripper_interface/cmake/gripper_interface__rosidl_typesupport_cExport.cmake
[0.571s] -- Up-to-date: /home/mathias/ProjektarbeitDIYGreifer/diy_soft_gripper_driver/diy_soft_gripper_driver/install/gripper_interface/share/gripper_interface/cmake/gripper_interface__rosidl_typesupport_cExport-noconfig.cmake
[0.571s] -- Up-to-date: /home/mathias/ProjektarbeitDIYGreifer/diy_soft_gripper_driver/diy_soft_gripper_driver/install/gripper_interface/share/gripper_interface/cmake/export_gripper_interface__rosidl_generator_cppExport.cmake
[0.571s] -- Up-to-date: /home/mathias/ProjektarbeitDIYGreifer/diy_soft_gripper_driver/diy_soft_gripper_driver/install/gripper_interface/share/gripper_interface/cmake/export_gripper_interface__rosidl_typesupport_fastrtps_cppExport.cmake
[0.571s] -- Up-to-date: /home/mathias/ProjektarbeitDIYGreifer/diy_soft_gripper_driver/diy_soft_gripper_driver/install/gripper_interface/share/gripper_interface/cmake/export_gripper_interface__rosidl_typesupport_fastrtps_cppExport-noconfig.cmake
[0.571s] -- Up-to-date: /home/mathias/ProjektarbeitDIYGreifer/diy_soft_gripper_driver/diy_soft_gripper_driver/install/gripper_interface/share/gripper_interface/cmake/gripper_interface__rosidl_typesupport_introspection_cppExport.cmake
[0.571s] -- Up-to-date: /home/mathias/ProjektarbeitDIYGreifer/diy_soft_gripper_driver/diy_soft_gripper_driver/install/gripper_interface/share/gripper_interface/cmake/gripper_interface__rosidl_typesupport_introspection_cppExport-noconfig.cmake
[0.571s] -- Up-to-date: /home/mathias/ProjektarbeitDIYGreifer/diy_soft_gripper_driver/diy_soft_gripper_driver/install/gripper_interface/share/gripper_interface/cmake/gripper_interface__rosidl_typesupport_cppExport.cmake
[0.571s] -- Up-to-date: /home/mathias/ProjektarbeitDIYGreifer/diy_soft_gripper_driver/diy_soft_gripper_driver/install/gripper_interface/share/gripper_interface/cmake/gripper_interface__rosidl_typesupport_cppExport-noconfig.cmake
[0.571s] -- Up-to-date: /home/mathias/ProjektarbeitDIYGreifer/diy_soft_gripper_driver/diy_soft_gripper_driver/install/gripper_interface/share/gripper_interface/cmake/export_gripper_interface__rosidl_generator_pyExport.cmake
[0.571s] -- Up-to-date: /home/mathias/ProjektarbeitDIYGreifer/diy_soft_gripper_driver/diy_soft_gripper_driver/install/gripper_interface/share/gripper_interface/cmake/export_gripper_interface__rosidl_generator_pyExport-noconfig.cmake
[0.571s] -- Up-to-date: /home/mathias/ProjektarbeitDIYGreifer/diy_soft_gripper_driver/diy_soft_gripper_driver/install/gripper_interface/share/gripper_interface/cmake/rosidl_cmake-extras.cmake
[0.571s] -- Up-to-date: /home/mathias/ProjektarbeitDIYGreifer/diy_soft_gripper_driver/diy_soft_gripper_driver/install/gripper_interface/share/gripper_interface/cmake/ament_cmake_export_include_directories-extras.cmake
[0.571s] -- Up-to-date: /home/mathias/ProjektarbeitDIYGreifer/diy_soft_gripper_driver/diy_soft_gripper_driver/install/gripper_interface/share/gripper_interface/cmake/ament_cmake_export_libraries-extras.cmake
[0.572s] -- Up-to-date: /home/mathias/ProjektarbeitDIYGreifer/diy_soft_gripper_driver/diy_soft_gripper_driver/install/gripper_interface/share/gripper_interface/cmake/ament_cmake_export_targets-extras.cmake
[0.572s] -- Up-to-date: /home/mathias/ProjektarbeitDIYGreifer/diy_soft_gripper_driver/diy_soft_gripper_driver/install/gripper_interface/share/gripper_interface/cmake/rosidl_cmake_export_typesupport_targets-extras.cmake
[0.572s] -- Up-to-date: /home/mathias/ProjektarbeitDIYGreifer/diy_soft_gripper_driver/diy_soft_gripper_driver/install/gripper_interface/share/gripper_interface/cmake/ament_cmake_export_dependencies-extras.cmake
[0.572s] -- Up-to-date: /home/mathias/ProjektarbeitDIYGreifer/diy_soft_gripper_driver/diy_soft_gripper_driver/install/gripper_interface/share/gripper_interface/cmake/rosidl_cmake_export_typesupport_libraries-extras.cmake
[0.572s] -- Up-to-date: /home/mathias/ProjektarbeitDIYGreifer/diy_soft_gripper_driver/diy_soft_gripper_driver/install/gripper_interface/share/gripper_interface/cmake/gripper_interfaceConfig.cmake
[0.572s] -- Up-to-date: /home/mathias/ProjektarbeitDIYGreifer/diy_soft_gripper_driver/diy_soft_gripper_driver/install/gripper_interface/share/gripper_interface/cmake/gripper_interfaceConfig-version.cmake
[0.572s] -- Up-to-date: /home/mathias/ProjektarbeitDIYGreifer/diy_soft_gripper_driver/diy_soft_gripper_driver/install/gripper_interface/share/gripper_interface/package.xml
[0.574s] Invoked command in '/home/mathias/ProjektarbeitDIYGreifer/diy_soft_gripper_driver/diy_soft_gripper_driver/build/gripper_interface' returned '0': CMAKE_PREFIX_PATH=${CMAKE_PREFIX_PATH}:/opt/ros/humble /usr/bin/cmake --install /home/mathias/ProjektarbeitDIYGreifer/diy_soft_gripper_driver/diy_soft_gripper_driver/build/gripper_interface
