[0.063s] Invoking command in '/home/mathias/ProjektarbeitDIYGreifer/diy_soft_gripper_driver/diy_soft_gripper_driver/build/diy_soft_gripper_driver': AMENT_PREFIX_PATH=/home/mathias/ProjektarbeitDIYGreifer/diy_soft_gripper_driver/diy_soft_gripper_driver/install/gripper_interface:${AMENT_PREFIX_PATH} CMAKE_PREFIX_PATH=/home/mathias/ProjektarbeitDIYGreifer/diy_soft_gripper_driver/diy_soft_gripper_driver/install/gripper_interface:/home/mathias/ros2_ws/install/diy_robotics_gripper:/home/mathias/ros2_ws/install/gripper_interface:/home/mathias/ros2_ws/install/cpp_srvcli_gripper:/home/mathias/ros2_ws/install/cpp_service:/opt/ros/humble LD_LIBRARY_PATH=/home/mathias/ProjektarbeitDIYGreifer/diy_soft_gripper_driver/diy_soft_gripper_driver/install/gripper_interface/lib:${LD_LIBRARY_PATH} PYTHONPATH=/home/mathias/ProjektarbeitDIYGreifer/diy_soft_gripper_driver/diy_soft_gripper_driver/install/gripper_interface/local/lib/python3.10/dist-packages:${PYTHONPATH} /usr/bin/cmake /home/mathias/ProjektarbeitDIYGreifer/diy_soft_gripper_driver/diy_soft_gripper_driver/src/diy_soft_gripper_driver -DCMAKE_INSTALL_PREFIX=/home/mathias/ProjektarbeitDIYGreifer/diy_soft_gripper_driver/diy_soft_gripper_driver/install/diy_soft_gripper_driver
[0.121s] -- The C compiler identification is GNU 11.4.0
[0.180s] -- The CXX compiler identification is GNU 11.4.0
[0.189s] -- Detecting C compiler ABI info
[0.264s] -- Detecting C compiler ABI info - done
[0.270s] -- Check for working C compiler: /usr/bin/cc - skipped
[0.270s] -- Detecting C compile features
[0.270s] -- Detecting C compile features - done
[0.273s] -- Detecting CXX compiler ABI info
[0.356s] -- Detecting CXX compiler ABI info - done
[0.362s] -- Check for working CXX compiler: /usr/bin/c++ - skipped
[0.362s] -- Detecting CXX compile features
[0.362s] -- Detecting CXX compile features - done
[0.366s] -- Found ament_cmake: 1.3.7 (/opt/ros/humble/share/ament_cmake/cmake)
[0.529s] -- Found Python3: /usr/bin/python3.10 (found version "3.10.12") found components: Interpreter 
[0.635s] -- Found rclcpp: 16.0.8 (/opt/ros/humble/share/rclcpp/cmake)
[0.696s] -- Found rosidl_generator_c: 3.1.5 (/opt/ros/humble/share/rosidl_generator_c/cmake)
[0.702s] -- Found rosidl_adapter: 3.1.5 (/opt/ros/humble/share/rosidl_adapter/cmake)
[0.712s] -- Found rosidl_generator_cpp: 3.1.5 (/opt/ros/humble/share/rosidl_generator_cpp/cmake)
[0.725s] -- Using all available rosidl_typesupport_c: rosidl_typesupport_fastrtps_c;rosidl_typesupport_introspection_c
[0.745s] -- Using all available rosidl_typesupport_cpp: rosidl_typesupport_fastrtps_cpp;rosidl_typesupport_introspection_cpp
[0.834s] -- Found rmw_implementation_cmake: 6.1.1 (/opt/ros/humble/share/rmw_implementation_cmake/cmake)
[0.839s] -- Found rmw_fastrtps_cpp: 6.2.6 (/opt/ros/humble/share/rmw_fastrtps_cpp/cmake)
[0.994s] -- Found OpenSSL: /usr/lib/x86_64-linux-gnu/libcrypto.so (found version "3.0.2")  
[1.027s] -- Found FastRTPS: /opt/ros/humble/include  
[1.080s] -- Using RMW implementation 'rmw_fastrtps_cpp' as default
[1.096s] -- Looking for pthread.h
[1.177s] -- Looking for pthread.h - found
[1.177s] -- Performing Test CMAKE_HAVE_LIBC_PTHREAD
[1.259s] -- Performing Test CMAKE_HAVE_LIBC_PTHREAD - Success
[1.260s] -- Found Threads: TRUE  
[1.418s] -- Found gripper_interface: 0.0.0 (/home/mathias/ProjektarbeitDIYGreifer/diy_soft_gripper_driver/diy_soft_gripper_driver/install/gripper_interface/share/gripper_interface/cmake)
[1.434s] -- Found ament_lint_auto: 0.12.10 (/opt/ros/humble/share/ament_lint_auto/cmake)
[1.512s] -- Added test 'cppcheck' to perform static code analysis on C / C++ code
[1.512s] -- Configured cppcheck include dirs: /home/mathias/ProjektarbeitDIYGreifer/diy_soft_gripper_driver/diy_soft_gripper_driver/src/diy_soft_gripper_driver/include
[1.512s] -- Configured cppcheck exclude dirs and/or files: 
[1.513s] -- Added test 'lint_cmake' to check CMake code style
[1.515s] -- Added test 'uncrustify' to check C / C++ code style
[1.515s] -- Configured uncrustify additional arguments: 
[1.515s] -- Added test 'xmllint' to check XML markup files
[1.517s] -- Configuring done
[1.529s] -- Generating done
[1.530s] -- Build files have been written to: /home/mathias/ProjektarbeitDIYGreifer/diy_soft_gripper_driver/diy_soft_gripper_driver/build/diy_soft_gripper_driver
[1.540s] Invoked command in '/home/mathias/ProjektarbeitDIYGreifer/diy_soft_gripper_driver/diy_soft_gripper_driver/build/diy_soft_gripper_driver' returned '0': AMENT_PREFIX_PATH=/home/mathias/ProjektarbeitDIYGreifer/diy_soft_gripper_driver/diy_soft_gripper_driver/install/gripper_interface:${AMENT_PREFIX_PATH} CMAKE_PREFIX_PATH=/home/mathias/ProjektarbeitDIYGreifer/diy_soft_gripper_driver/diy_soft_gripper_driver/install/gripper_interface:/home/mathias/ros2_ws/install/diy_robotics_gripper:/home/mathias/ros2_ws/install/gripper_interface:/home/mathias/ros2_ws/install/cpp_srvcli_gripper:/home/mathias/ros2_ws/install/cpp_service:/opt/ros/humble LD_LIBRARY_PATH=/home/mathias/ProjektarbeitDIYGreifer/diy_soft_gripper_driver/diy_soft_gripper_driver/install/gripper_interface/lib:${LD_LIBRARY_PATH} PYTHONPATH=/home/mathias/ProjektarbeitDIYGreifer/diy_soft_gripper_driver/diy_soft_gripper_driver/install/gripper_interface/local/lib/python3.10/dist-packages:${PYTHONPATH} /usr/bin/cmake /home/mathias/ProjektarbeitDIYGreifer/diy_soft_gripper_driver/diy_soft_gripper_driver/src/diy_soft_gripper_driver -DCMAKE_INSTALL_PREFIX=/home/mathias/ProjektarbeitDIYGreifer/diy_soft_gripper_driver/diy_soft_gripper_driver/install/diy_soft_gripper_driver
[1.541s] Invoking command in '/home/mathias/ProjektarbeitDIYGreifer/diy_soft_gripper_driver/diy_soft_gripper_driver/build/diy_soft_gripper_driver': AMENT_PREFIX_PATH=/home/mathias/ProjektarbeitDIYGreifer/diy_soft_gripper_driver/diy_soft_gripper_driver/install/gripper_interface:${AMENT_PREFIX_PATH} CMAKE_PREFIX_PATH=/home/mathias/ProjektarbeitDIYGreifer/diy_soft_gripper_driver/diy_soft_gripper_driver/install/gripper_interface:/home/mathias/ros2_ws/install/diy_robotics_gripper:/home/mathias/ros2_ws/install/gripper_interface:/home/mathias/ros2_ws/install/cpp_srvcli_gripper:/home/mathias/ros2_ws/install/cpp_service:/opt/ros/humble LD_LIBRARY_PATH=/home/mathias/ProjektarbeitDIYGreifer/diy_soft_gripper_driver/diy_soft_gripper_driver/install/gripper_interface/lib:${LD_LIBRARY_PATH} PYTHONPATH=/home/mathias/ProjektarbeitDIYGreifer/diy_soft_gripper_driver/diy_soft_gripper_driver/install/gripper_interface/local/lib/python3.10/dist-packages:${PYTHONPATH} /usr/bin/cmake --build /home/mathias/ProjektarbeitDIYGreifer/diy_soft_gripper_driver/diy_soft_gripper_driver/build/diy_soft_gripper_driver -- -j16 -l16
[1.600s] [ 25%] [32mBuilding CXX object CMakeFiles/client.dir/src/gripper_service_client.cpp.o[0m
[1.602s] [ 50%] [32mBuilding CXX object CMakeFiles/server.dir/src/gripper_service_server.cpp.o[0m
[3.531s] In file included from [01m[K/home/mathias/ProjektarbeitDIYGreifer/diy_soft_gripper_driver/diy_soft_gripper_driver/src/diy_soft_gripper_driver/include/diy_soft_gripper_driver/RobotConnection.hpp:20[m[K,
[3.531s]                  from [01m[K/home/mathias/ProjektarbeitDIYGreifer/diy_soft_gripper_driver/diy_soft_gripper_driver/src/diy_soft_gripper_driver/src/gripper_service_server.cpp:4[m[K:
[3.531s] [01m[K/home/mathias/ProjektarbeitDIYGreifer/diy_soft_gripper_driver/diy_soft_gripper_driver/src/diy_soft_gripper_driver/include/diy_soft_gripper_driver/DataFormat.hpp:23:36:[m[K [01;35m[Kwarning: [m[KISO C++ prohibits anonymous structs [[01;35m[K]8;;https://gcc.gnu.org/onlinedocs/gcc/Warning-Options.html#index-Wpedantic-Wpedantic]8;;[m[K]
[3.531s]    23 |     struct __attribute__((packed)) [01;35m[K{[m[K
[3.531s]       |                                    [01;35m[K^[m[K
[3.531s] [01m[K/home/mathias/ProjektarbeitDIYGreifer/diy_soft_gripper_driver/diy_soft_gripper_driver/src/diy_soft_gripper_driver/include/diy_soft_gripper_driver/DataFormat.hpp:37:36:[m[K [01;35m[Kwarning: [m[KISO C++ prohibits anonymous structs [[01;35m[K]8;;https://gcc.gnu.org/onlinedocs/gcc/Warning-Options.html#index-Wpedantic-Wpedantic]8;;[m[K]
[3.531s]    37 |     struct __attribute__((packed)) [01;35m[K{[m[K
[3.531s]       |                                    [01;35m[K^[m[K
[4.431s] [ 75%] [32m[1mLinking CXX executable server[0m
[4.601s] [100%] [32m[1mLinking CXX executable client[0m
[4.633s] [100%] Built target server
[4.757s] [100%] Built target client
[4.771s] Invoked command in '/home/mathias/ProjektarbeitDIYGreifer/diy_soft_gripper_driver/diy_soft_gripper_driver/build/diy_soft_gripper_driver' returned '0': AMENT_PREFIX_PATH=/home/mathias/ProjektarbeitDIYGreifer/diy_soft_gripper_driver/diy_soft_gripper_driver/install/gripper_interface:${AMENT_PREFIX_PATH} CMAKE_PREFIX_PATH=/home/mathias/ProjektarbeitDIYGreifer/diy_soft_gripper_driver/diy_soft_gripper_driver/install/gripper_interface:/home/mathias/ros2_ws/install/diy_robotics_gripper:/home/mathias/ros2_ws/install/gripper_interface:/home/mathias/ros2_ws/install/cpp_srvcli_gripper:/home/mathias/ros2_ws/install/cpp_service:/opt/ros/humble LD_LIBRARY_PATH=/home/mathias/ProjektarbeitDIYGreifer/diy_soft_gripper_driver/diy_soft_gripper_driver/install/gripper_interface/lib:${LD_LIBRARY_PATH} PYTHONPATH=/home/mathias/ProjektarbeitDIYGreifer/diy_soft_gripper_driver/diy_soft_gripper_driver/install/gripper_interface/local/lib/python3.10/dist-packages:${PYTHONPATH} /usr/bin/cmake --build /home/mathias/ProjektarbeitDIYGreifer/diy_soft_gripper_driver/diy_soft_gripper_driver/build/diy_soft_gripper_driver -- -j16 -l16
[4.811s] Invoking command in '/home/mathias/ProjektarbeitDIYGreifer/diy_soft_gripper_driver/diy_soft_gripper_driver/build/diy_soft_gripper_driver': AMENT_PREFIX_PATH=/home/mathias/ProjektarbeitDIYGreifer/diy_soft_gripper_driver/diy_soft_gripper_driver/install/gripper_interface:${AMENT_PREFIX_PATH} CMAKE_PREFIX_PATH=/home/mathias/ProjektarbeitDIYGreifer/diy_soft_gripper_driver/diy_soft_gripper_driver/install/gripper_interface:/home/mathias/ros2_ws/install/diy_robotics_gripper:/home/mathias/ros2_ws/install/gripper_interface:/home/mathias/ros2_ws/install/cpp_srvcli_gripper:/home/mathias/ros2_ws/install/cpp_service:/opt/ros/humble LD_LIBRARY_PATH=/home/mathias/ProjektarbeitDIYGreifer/diy_soft_gripper_driver/diy_soft_gripper_driver/install/gripper_interface/lib:${LD_LIBRARY_PATH} PYTHONPATH=/home/mathias/ProjektarbeitDIYGreifer/diy_soft_gripper_driver/diy_soft_gripper_driver/install/gripper_interface/local/lib/python3.10/dist-packages:${PYTHONPATH} /usr/bin/cmake --install /home/mathias/ProjektarbeitDIYGreifer/diy_soft_gripper_driver/diy_soft_gripper_driver/build/diy_soft_gripper_driver
[4.819s] -- Install configuration: ""
[4.819s] -- Installing: /home/mathias/ProjektarbeitDIYGreifer/diy_soft_gripper_driver/diy_soft_gripper_driver/install/diy_soft_gripper_driver/lib/server
[4.820s] -- Set runtime path of "/home/mathias/ProjektarbeitDIYGreifer/diy_soft_gripper_driver/diy_soft_gripper_driver/install/diy_soft_gripper_driver/lib/server" to ""
[4.820s] -- Installing: /home/mathias/ProjektarbeitDIYGreifer/diy_soft_gripper_driver/diy_soft_gripper_driver/install/diy_soft_gripper_driver/lib/client
[4.821s] -- Set runtime path of "/home/mathias/ProjektarbeitDIYGreifer/diy_soft_gripper_driver/diy_soft_gripper_driver/install/diy_soft_gripper_driver/lib/client" to ""
[4.821s] -- Installing: /home/mathias/ProjektarbeitDIYGreifer/diy_soft_gripper_driver/diy_soft_gripper_driver/install/diy_soft_gripper_driver/include
[4.821s] -- Installing: /home/mathias/ProjektarbeitDIYGreifer/diy_soft_gripper_driver/diy_soft_gripper_driver/install/diy_soft_gripper_driver/include/diy_soft_gripper_driver
[4.821s] -- Installing: /home/mathias/ProjektarbeitDIYGreifer/diy_soft_gripper_driver/diy_soft_gripper_driver/install/diy_soft_gripper_driver/include/diy_soft_gripper_driver/DataFormat.hpp
[4.822s] -- Installing: /home/mathias/ProjektarbeitDIYGreifer/diy_soft_gripper_driver/diy_soft_gripper_driver/install/diy_soft_gripper_driver/include/diy_soft_gripper_driver/helpers.hpp
[4.822s] -- Installing: /home/mathias/ProjektarbeitDIYGreifer/diy_soft_gripper_driver/diy_soft_gripper_driver/install/diy_soft_gripper_driver/include/diy_soft_gripper_driver/RobotConnection.hpp
[4.822s] -- Installing: /home/mathias/ProjektarbeitDIYGreifer/diy_soft_gripper_driver/diy_soft_gripper_driver/install/diy_soft_gripper_driver/include/include
[4.822s] -- Installing: /home/mathias/ProjektarbeitDIYGreifer/diy_soft_gripper_driver/diy_soft_gripper_driver/install/diy_soft_gripper_driver/include/include/diy_soft_gripper_driver
[4.822s] -- Installing: /home/mathias/ProjektarbeitDIYGreifer/diy_soft_gripper_driver/diy_soft_gripper_driver/install/diy_soft_gripper_driver/include/include/diy_soft_gripper_driver/DataFormat.hpp
[4.822s] -- Installing: /home/mathias/ProjektarbeitDIYGreifer/diy_soft_gripper_driver/diy_soft_gripper_driver/install/diy_soft_gripper_driver/include/include/diy_soft_gripper_driver/helpers.hpp
[4.822s] -- Installing: /home/mathias/ProjektarbeitDIYGreifer/diy_soft_gripper_driver/diy_soft_gripper_driver/install/diy_soft_gripper_driver/include/include/diy_soft_gripper_driver/RobotConnection.hpp
[4.823s] -- Installing: /home/mathias/ProjektarbeitDIYGreifer/diy_soft_gripper_driver/diy_soft_gripper_driver/install/diy_soft_gripper_driver/share/ament_index/resource_index/package_run_dependencies/diy_soft_gripper_driver
[4.823s] -- Installing: /home/mathias/ProjektarbeitDIYGreifer/diy_soft_gripper_driver/diy_soft_gripper_driver/install/diy_soft_gripper_driver/share/ament_index/resource_index/parent_prefix_path/diy_soft_gripper_driver
[4.823s] -- Installing: /home/mathias/ProjektarbeitDIYGreifer/diy_soft_gripper_driver/diy_soft_gripper_driver/install/diy_soft_gripper_driver/share/diy_soft_gripper_driver/environment/ament_prefix_path.sh
[4.823s] -- Installing: /home/mathias/ProjektarbeitDIYGreifer/diy_soft_gripper_driver/diy_soft_gripper_driver/install/diy_soft_gripper_driver/share/diy_soft_gripper_driver/environment/ament_prefix_path.dsv
[4.823s] -- Installing: /home/mathias/ProjektarbeitDIYGreifer/diy_soft_gripper_driver/diy_soft_gripper_driver/install/diy_soft_gripper_driver/share/diy_soft_gripper_driver/environment/path.sh
[4.824s] -- Installing: /home/mathias/ProjektarbeitDIYGreifer/diy_soft_gripper_driver/diy_soft_gripper_driver/install/diy_soft_gripper_driver/share/diy_soft_gripper_driver/environment/path.dsv
[4.824s] -- Installing: /home/mathias/ProjektarbeitDIYGreifer/diy_soft_gripper_driver/diy_soft_gripper_driver/install/diy_soft_gripper_driver/share/diy_soft_gripper_driver/local_setup.bash
[4.824s] -- Installing: /home/mathias/ProjektarbeitDIYGreifer/diy_soft_gripper_driver/diy_soft_gripper_driver/install/diy_soft_gripper_driver/share/diy_soft_gripper_driver/local_setup.sh
[4.824s] -- Installing: /home/mathias/ProjektarbeitDIYGreifer/diy_soft_gripper_driver/diy_soft_gripper_driver/install/diy_soft_gripper_driver/share/diy_soft_gripper_driver/local_setup.zsh
[4.824s] -- Installing: /home/mathias/ProjektarbeitDIYGreifer/diy_soft_gripper_driver/diy_soft_gripper_driver/install/diy_soft_gripper_driver/share/diy_soft_gripper_driver/local_setup.dsv
[4.825s] -- Installing: /home/mathias/ProjektarbeitDIYGreifer/diy_soft_gripper_driver/diy_soft_gripper_driver/install/diy_soft_gripper_driver/share/diy_soft_gripper_driver/package.dsv
[4.825s] -- Installing: /home/mathias/ProjektarbeitDIYGreifer/diy_soft_gripper_driver/diy_soft_gripper_driver/install/diy_soft_gripper_driver/share/ament_index/resource_index/packages/diy_soft_gripper_driver
[4.825s] -- Installing: /home/mathias/ProjektarbeitDIYGreifer/diy_soft_gripper_driver/diy_soft_gripper_driver/install/diy_soft_gripper_driver/share/diy_soft_gripper_driver/cmake/ament_cmake_export_include_directories-extras.cmake
[4.825s] -- Installing: /home/mathias/ProjektarbeitDIYGreifer/diy_soft_gripper_driver/diy_soft_gripper_driver/install/diy_soft_gripper_driver/share/diy_soft_gripper_driver/cmake/diy_soft_gripper_driverConfig.cmake
[4.825s] -- Installing: /home/mathias/ProjektarbeitDIYGreifer/diy_soft_gripper_driver/diy_soft_gripper_driver/install/diy_soft_gripper_driver/share/diy_soft_gripper_driver/cmake/diy_soft_gripper_driverConfig-version.cmake
[4.825s] -- Installing: /home/mathias/ProjektarbeitDIYGreifer/diy_soft_gripper_driver/diy_soft_gripper_driver/install/diy_soft_gripper_driver/share/diy_soft_gripper_driver/package.xml
[4.828s] Invoked command in '/home/mathias/ProjektarbeitDIYGreifer/diy_soft_gripper_driver/diy_soft_gripper_driver/build/diy_soft_gripper_driver' returned '0': AMENT_PREFIX_PATH=/home/mathias/ProjektarbeitDIYGreifer/diy_soft_gripper_driver/diy_soft_gripper_driver/install/gripper_interface:${AMENT_PREFIX_PATH} CMAKE_PREFIX_PATH=/home/mathias/ProjektarbeitDIYGreifer/diy_soft_gripper_driver/diy_soft_gripper_driver/install/gripper_interface:/home/mathias/ros2_ws/install/diy_robotics_gripper:/home/mathias/ros2_ws/install/gripper_interface:/home/mathias/ros2_ws/install/cpp_srvcli_gripper:/home/mathias/ros2_ws/install/cpp_service:/opt/ros/humble LD_LIBRARY_PATH=/home/mathias/ProjektarbeitDIYGreifer/diy_soft_gripper_driver/diy_soft_gripper_driver/install/gripper_interface/lib:${LD_LIBRARY_PATH} PYTHONPATH=/home/mathias/ProjektarbeitDIYGreifer/diy_soft_gripper_driver/diy_soft_gripper_driver/install/gripper_interface/local/lib/python3.10/dist-packages:${PYTHONPATH} /usr/bin/cmake --install /home/mathias/ProjektarbeitDIYGreifer/diy_soft_gripper_driver/diy_soft_gripper_driver/build/diy_soft_gripper_driver
