[0.085s] Invoking command in '/home/mathias/ProjektarbeitDIYGreifer/diy_soft_gripper_driver/diy_soft_gripper_driver/build/gripper_interface': /usr/bin/cmake --build /home/mathias/ProjektarbeitDIYGreifer/diy_soft_gripper_driver/diy_soft_gripper_driver/build/gripper_interface -- -j16 -l16
[0.112s] -- Found ament_cmake: 1.3.7 (/opt/ros/humble/share/ament_cmake/cmake)
[0.242s] -- Found rosidl_default_generators: 1.2.0 (/opt/ros/humble/share/rosidl_default_generators/cmake)
[0.243s] -- Using all available rosidl_typesupport_c: rosidl_typesupport_fastrtps_c;rosidl_typesupport_introspection_c
[0.246s] -- Found rosidl_adapter: 3.1.5 (/opt/ros/humble/share/rosidl_adapter/cmake)
[0.273s] -- Using all available rosidl_typesupport_cpp: rosidl_typesupport_fastrtps_cpp;rosidl_typesupport_introspection_cpp
[0.443s] Error parsing '/home/mathias/ProjektarbeitDIYGreifer/diy_soft_gripper_driver/diy_soft_gripper_driver/src/gripper_interface/package.xml':
[0.479s] Traceback (most recent call last):
[0.479s]   File "/usr/lib/python3/dist-packages/catkin_pkg/package.py", line 610, in parse_package_string
[0.479s]     root = dom.parseString(data)
[0.479s]   File "/usr/lib/python3.10/xml/dom/minidom.py", line 2000, in parseString
[0.479s]     return expatbuilder.parseString(string)
[0.479s]   File "/usr/lib/python3.10/xml/dom/expatbuilder.py", line 925, in parseString
[0.479s]     return builder.parseString(string)
[0.479s]   File "/usr/lib/python3.10/xml/dom/expatbuilder.py", line 223, in parseString
[0.479s]     parser.Parse(string, True)
[0.479s] xml.parsers.expat.ExpatError: junk after document element: line 20, column 10
[0.479s] 
[0.480s] During handling of the above exception, another exception occurred:
[0.480s] 
[0.480s] Traceback (most recent call last):
[0.480s]   File "/opt/ros/humble/share/ament_cmake_core/cmake/core/package_xml_2_cmake.py", line 150, in <module>
[0.480s]     main()
[0.480s]   File "/opt/ros/humble/share/ament_cmake_core/cmake/core/package_xml_2_cmake.py", line 53, in main
[0.480s]     raise e
[0.480s]   File "/opt/ros/humble/share/ament_cmake_core/cmake/core/package_xml_2_cmake.py", line 49, in main
[0.480s]     package = parse_package_string(
[0.480s]   File "/usr/lib/python3/dist-packages/catkin_pkg/package.py", line 612, in parse_package_string
[0.480s]     raise InvalidPackage('The manifest contains invalid XML:\n%s' % ex, filename)
[0.480s] catkin_pkg.package.InvalidPackage: Error(s) in package '/home/mathias/ProjektarbeitDIYGreifer/diy_soft_gripper_driver/diy_soft_gripper_driver/src/gripper_interface/package.xml':
[0.480s] The manifest contains invalid XML:
[0.480s] junk after document element: line 20, column 10
[0.495s] [31mCMake Error at /opt/ros/humble/share/ament_cmake_core/cmake/core/ament_package_xml.cmake:95 (message):
[0.495s]   execute_process(/usr/bin/python3.10
[0.495s]   /opt/ros/humble/share/ament_cmake_core/cmake/core/package_xml_2_cmake.py
[0.495s]   /home/mathias/ProjektarbeitDIYGreifer/diy_soft_gripper_driver/diy_soft_gripper_driver/src/gripper_interface/package.xml
[0.495s]   /home/mathias/ProjektarbeitDIYGreifer/diy_soft_gripper_driver/diy_soft_gripper_driver/build/gripper_interface/ament_cmake_core/package.cmake)
[0.495s]   returned error code 1
[0.495s] Call Stack (most recent call first):
[0.496s]   /opt/ros/humble/share/ament_cmake_core/cmake/core/ament_package_xml.cmake:49 (_ament_package_xml)
[0.496s]   /opt/ros/humble/share/rosidl_cmake/cmake/rosidl_generate_interfaces.cmake:226 (ament_package_xml)
[0.496s]   CMakeLists.txt:15 (rosidl_generate_interfaces)
[0.496s] 
[0.496s] [0m
[0.496s] -- Configuring incomplete, errors occurred!
[0.496s] See also "/home/mathias/ProjektarbeitDIYGreifer/diy_soft_gripper_driver/diy_soft_gripper_driver/build/gripper_interface/CMakeFiles/CMakeOutput.log".
[0.500s] gmake: *** [Makefile:747: cmake_check_build_system] Error 1
[0.504s] Invoked command in '/home/mathias/ProjektarbeitDIYGreifer/diy_soft_gripper_driver/diy_soft_gripper_driver/build/gripper_interface' returned '2': /usr/bin/cmake --build /home/mathias/ProjektarbeitDIYGreifer/diy_soft_gripper_driver/diy_soft_gripper_driver/build/gripper_interface -- -j16 -l16
