[0.082s] Invoking command in '/home/mathias/ProjektarbeitDIYGreifer/diy_soft_gripper_driver/diy_soft_gripper_driver/build/diy_soft_gripper_driver': CMAKE_PREFIX_PATH=/home/mathias/ProjektarbeitDIYGreifer/diy_soft_gripper_driver/diy_soft_gripper_driver/install/gripper_interface:/home/mathias/ProjektarbeitDIYGreifer/diy_soft_gripper_driver/diy_soft_gripper_driver/install/diy_soft_gripper_driver:/home/mathias/ros2_ws/install/diy_robotics_gripper:/home/mathias/ros2_ws/install/gripper_interface:/home/mathias/ros2_ws/install/cpp_srvcli_gripper:/home/mathias/ros2_ws/install/cpp_service:/opt/ros/humble /usr/bin/cmake /home/mathias/ProjektarbeitDIYGreifer/diy_soft_gripper_driver/diy_soft_gripper_driver/src/diy_soft_gripper_driver -DCMAKE_INSTALL_PREFIX=/home/mathias/ProjektarbeitDIYGreifer/diy_soft_gripper_driver/diy_soft_gripper_driver/install/diy_soft_gripper_driver
[0.183s] -- The C compiler identification is GNU 11.4.0
[0.242s] -- The CXX compiler identification is GNU 11.4.0
[0.250s] -- Detecting C compiler ABI info
[0.922s] -- Detecting C compiler ABI info - done
[0.929s] -- Check for working C compiler: /usr/bin/cc - skipped
[0.929s] -- Detecting C compile features
[0.929s] -- Detecting C compile features - done
[0.932s] -- Detecting CXX compiler ABI info
[1.021s] -- Detecting CXX compiler ABI info - done
[1.028s] -- Check for working CXX compiler: /usr/bin/c++ - skipped
[1.028s] -- Detecting CXX compile features
[1.028s] -- Detecting CXX compile features - done
[1.033s] -- Found ament_cmake: 1.3.7 (/opt/ros/humble/share/ament_cmake/cmake)
[1.218s] -- Found Python3: /usr/bin/python3.10 (found version "3.10.12") found components: Interpreter 
[1.337s] -- Found rclcpp: 16.0.8 (/opt/ros/humble/share/rclcpp/cmake)
[1.387s] -- Found rosidl_generator_c: 3.1.5 (/opt/ros/humble/share/rosidl_generator_c/cmake)
[1.394s] -- Found rosidl_adapter: 3.1.5 (/opt/ros/humble/share/rosidl_adapter/cmake)
[1.404s] -- Found rosidl_generator_cpp: 3.1.5 (/opt/ros/humble/share/rosidl_generator_cpp/cmake)
[1.419s] -- Using all available rosidl_typesupport_c: rosidl_typesupport_fastrtps_c;rosidl_typesupport_introspection_c
[1.441s] -- Using all available rosidl_typesupport_cpp: rosidl_typesupport_fastrtps_cpp;rosidl_typesupport_introspection_cpp
[1.523s] -- Found rmw_implementation_cmake: 6.1.1 (/opt/ros/humble/share/rmw_implementation_cmake/cmake)
[1.526s] -- Found rmw_fastrtps_cpp: 6.2.6 (/opt/ros/humble/share/rmw_fastrtps_cpp/cmake)
[1.663s] -- Found OpenSSL: /usr/lib/x86_64-linux-gnu/libcrypto.so (found version "3.0.2")  
[1.693s] -- Found FastRTPS: /opt/ros/humble/include  
[1.747s] -- Using RMW implementation 'rmw_fastrtps_cpp' as default
[1.767s] -- Looking for pthread.h
[1.845s] -- Looking for pthread.h - found
[1.846s] -- Performing Test CMAKE_HAVE_LIBC_PTHREAD
[1.927s] -- Performing Test CMAKE_HAVE_LIBC_PTHREAD - Success
[1.927s] -- Found Threads: TRUE  
[2.068s] -- Found gripper_interface: 0.0.0 (/home/mathias/ProjektarbeitDIYGreifer/diy_soft_gripper_driver/diy_soft_gripper_driver/install/gripper_interface/share/gripper_interface/cmake)
[2.083s] -- Found ament_lint_auto: 0.12.10 (/opt/ros/humble/share/ament_lint_auto/cmake)
[2.160s] -- Added test 'cppcheck' to perform static code analysis on C / C++ code
[2.160s] -- Configured cppcheck include dirs: /home/mathias/ProjektarbeitDIYGreifer/diy_soft_gripper_driver/diy_soft_gripper_driver/src/diy_soft_gripper_driver/include
[2.160s] -- Configured cppcheck exclude dirs and/or files: 
[2.161s] -- Added test 'flake8' to check Python code syntax and style conventions
[2.162s] -- Added test 'lint_cmake' to check CMake code style
[2.163s] -- Added test 'pep257' to check Python code against some of the docstring style conventions in PEP 257
[2.164s] -- Added test 'uncrustify' to check C / C++ code style
[2.164s] -- Configured uncrustify additional arguments: 
[2.165s] -- Added test 'xmllint' to check XML markup files
[2.167s] -- Configuring done
[2.179s] -- Generating done
[2.180s] -- Build files have been written to: /home/mathias/ProjektarbeitDIYGreifer/diy_soft_gripper_driver/diy_soft_gripper_driver/build/diy_soft_gripper_driver
[2.189s] Invoked command in '/home/mathias/ProjektarbeitDIYGreifer/diy_soft_gripper_driver/diy_soft_gripper_driver/build/diy_soft_gripper_driver' returned '0': CMAKE_PREFIX_PATH=/home/mathias/ProjektarbeitDIYGreifer/diy_soft_gripper_driver/diy_soft_gripper_driver/install/gripper_interface:/home/mathias/ProjektarbeitDIYGreifer/diy_soft_gripper_driver/diy_soft_gripper_driver/install/diy_soft_gripper_driver:/home/mathias/ros2_ws/install/diy_robotics_gripper:/home/mathias/ros2_ws/install/gripper_interface:/home/mathias/ros2_ws/install/cpp_srvcli_gripper:/home/mathias/ros2_ws/install/cpp_service:/opt/ros/humble /usr/bin/cmake /home/mathias/ProjektarbeitDIYGreifer/diy_soft_gripper_driver/diy_soft_gripper_driver/src/diy_soft_gripper_driver -DCMAKE_INSTALL_PREFIX=/home/mathias/ProjektarbeitDIYGreifer/diy_soft_gripper_driver/diy_soft_gripper_driver/install/diy_soft_gripper_driver
[2.192s] Invoking command in '/home/mathias/ProjektarbeitDIYGreifer/diy_soft_gripper_driver/diy_soft_gripper_driver/build/diy_soft_gripper_driver': CMAKE_PREFIX_PATH=/home/mathias/ProjektarbeitDIYGreifer/diy_soft_gripper_driver/diy_soft_gripper_driver/install/gripper_interface:/home/mathias/ProjektarbeitDIYGreifer/diy_soft_gripper_driver/diy_soft_gripper_driver/install/diy_soft_gripper_driver:/home/mathias/ros2_ws/install/diy_robotics_gripper:/home/mathias/ros2_ws/install/gripper_interface:/home/mathias/ros2_ws/install/cpp_srvcli_gripper:/home/mathias/ros2_ws/install/cpp_service:/opt/ros/humble /usr/bin/cmake --build /home/mathias/ProjektarbeitDIYGreifer/diy_soft_gripper_driver/diy_soft_gripper_driver/build/diy_soft_gripper_driver -- -j16 -l16
[2.253s] [ 50%] [32mBuilding CXX object CMakeFiles/server.dir/src/gripper_service_server.cpp.o[0m
[2.253s] [ 50%] [32mBuilding CXX object CMakeFiles/client.dir/src/gripper_service_client.cpp.o[0m
[4.334s] In file included from [01m[K/home/mathias/ProjektarbeitDIYGreifer/diy_soft_gripper_driver/diy_soft_gripper_driver/src/diy_soft_gripper_driver/include/diy_soft_gripper_driver/RobotConnection.hpp:20[m[K,
[4.334s]                  from [01m[K/home/mathias/ProjektarbeitDIYGreifer/diy_soft_gripper_driver/diy_soft_gripper_driver/src/diy_soft_gripper_driver/src/gripper_service_server.cpp:3[m[K:
[4.334s] [01m[K/home/mathias/ProjektarbeitDIYGreifer/diy_soft_gripper_driver/diy_soft_gripper_driver/src/diy_soft_gripper_driver/include/diy_soft_gripper_driver/DataFormat.hpp:23:36:[m[K [01;35m[Kwarning: [m[KISO C++ prohibits anonymous structs [[01;35m[K]8;;https://gcc.gnu.org/onlinedocs/gcc/Warning-Options.html#index-Wpedantic-Wpedantic]8;;[m[K]
[4.334s]    23 |     struct __attribute__((packed)) [01;35m[K{[m[K
[4.334s]       |                                    [01;35m[K^[m[K
[4.334s] [01m[K/home/mathias/ProjektarbeitDIYGreifer/diy_soft_gripper_driver/diy_soft_gripper_driver/src/diy_soft_gripper_driver/include/diy_soft_gripper_driver/DataFormat.hpp:37:36:[m[K [01;35m[Kwarning: [m[KISO C++ prohibits anonymous structs [[01;35m[K]8;;https://gcc.gnu.org/onlinedocs/gcc/Warning-Options.html#index-Wpedantic-Wpedantic]8;;[m[K]
[4.334s]    37 |     struct __attribute__((packed)) [01;35m[K{[m[K
[4.334s]       |                                    [01;35m[K^[m[K
[5.291s] [ 75%] [32m[1mLinking CXX executable server[0m
[5.358s] [100%] [32m[1mLinking CXX executable client[0m
[5.452s] [100%] Built target server
[5.523s] [100%] Built target client
[5.536s] Invoked command in '/home/mathias/ProjektarbeitDIYGreifer/diy_soft_gripper_driver/diy_soft_gripper_driver/build/diy_soft_gripper_driver' returned '0': CMAKE_PREFIX_PATH=/home/mathias/ProjektarbeitDIYGreifer/diy_soft_gripper_driver/diy_soft_gripper_driver/install/gripper_interface:/home/mathias/ProjektarbeitDIYGreifer/diy_soft_gripper_driver/diy_soft_gripper_driver/install/diy_soft_gripper_driver:/home/mathias/ros2_ws/install/diy_robotics_gripper:/home/mathias/ros2_ws/install/gripper_interface:/home/mathias/ros2_ws/install/cpp_srvcli_gripper:/home/mathias/ros2_ws/install/cpp_service:/opt/ros/humble /usr/bin/cmake --build /home/mathias/ProjektarbeitDIYGreifer/diy_soft_gripper_driver/diy_soft_gripper_driver/build/diy_soft_gripper_driver -- -j16 -l16
[5.572s] Invoking command in '/home/mathias/ProjektarbeitDIYGreifer/diy_soft_gripper_driver/diy_soft_gripper_driver/build/diy_soft_gripper_driver': CMAKE_PREFIX_PATH=/home/mathias/ProjektarbeitDIYGreifer/diy_soft_gripper_driver/diy_soft_gripper_driver/install/gripper_interface:/home/mathias/ProjektarbeitDIYGreifer/diy_soft_gripper_driver/diy_soft_gripper_driver/install/diy_soft_gripper_driver:/home/mathias/ros2_ws/install/diy_robotics_gripper:/home/mathias/ros2_ws/install/gripper_interface:/home/mathias/ros2_ws/install/cpp_srvcli_gripper:/home/mathias/ros2_ws/install/cpp_service:/opt/ros/humble /usr/bin/cmake --install /home/mathias/ProjektarbeitDIYGreifer/diy_soft_gripper_driver/diy_soft_gripper_driver/build/diy_soft_gripper_driver
[5.579s] -- Install configuration: ""
[5.579s] -- Installing: /home/mathias/ProjektarbeitDIYGreifer/diy_soft_gripper_driver/diy_soft_gripper_driver/install/diy_soft_gripper_driver/lib/diy_soft_gripper_driver/server
[5.580s] -- Set runtime path of "/home/mathias/ProjektarbeitDIYGreifer/diy_soft_gripper_driver/diy_soft_gripper_driver/install/diy_soft_gripper_driver/lib/diy_soft_gripper_driver/server" to ""
[5.580s] -- Installing: /home/mathias/ProjektarbeitDIYGreifer/diy_soft_gripper_driver/diy_soft_gripper_driver/install/diy_soft_gripper_driver/lib/diy_soft_gripper_driver/client
[5.582s] -- Set runtime path of "/home/mathias/ProjektarbeitDIYGreifer/diy_soft_gripper_driver/diy_soft_gripper_driver/install/diy_soft_gripper_driver/lib/diy_soft_gripper_driver/client" to ""
[5.582s] -- Up-to-date: /home/mathias/ProjektarbeitDIYGreifer/diy_soft_gripper_driver/diy_soft_gripper_driver/install/diy_soft_gripper_driver/include/include
[5.582s] -- Up-to-date: /home/mathias/ProjektarbeitDIYGreifer/diy_soft_gripper_driver/diy_soft_gripper_driver/install/diy_soft_gripper_driver/include/include/diy_soft_gripper_driver
[5.582s] -- Up-to-date: /home/mathias/ProjektarbeitDIYGreifer/diy_soft_gripper_driver/diy_soft_gripper_driver/install/diy_soft_gripper_driver/include/include/diy_soft_gripper_driver/DataFormat.hpp
[5.582s] -- Up-to-date: /home/mathias/ProjektarbeitDIYGreifer/diy_soft_gripper_driver/diy_soft_gripper_driver/install/diy_soft_gripper_driver/include/include/diy_soft_gripper_driver/helpers.hpp
[5.582s] -- Up-to-date: /home/mathias/ProjektarbeitDIYGreifer/diy_soft_gripper_driver/diy_soft_gripper_driver/install/diy_soft_gripper_driver/include/include/diy_soft_gripper_driver/RobotConnection.hpp
[5.582s] -- Up-to-date: /home/mathias/ProjektarbeitDIYGreifer/diy_soft_gripper_driver/diy_soft_gripper_driver/install/diy_soft_gripper_driver/share/diy_soft_gripper_driver//launch
[5.582s] -- Up-to-date: /home/mathias/ProjektarbeitDIYGreifer/diy_soft_gripper_driver/diy_soft_gripper_driver/install/diy_soft_gripper_driver/share/diy_soft_gripper_driver//launch/controller.launch.py
[5.582s] -- Installing: /home/mathias/ProjektarbeitDIYGreifer/diy_soft_gripper_driver/diy_soft_gripper_driver/install/diy_soft_gripper_driver/share/ament_index/resource_index/package_run_dependencies/diy_soft_gripper_driver
[5.582s] -- Installing: /home/mathias/ProjektarbeitDIYGreifer/diy_soft_gripper_driver/diy_soft_gripper_driver/install/diy_soft_gripper_driver/share/ament_index/resource_index/parent_prefix_path/diy_soft_gripper_driver
[5.582s] -- Up-to-date: /home/mathias/ProjektarbeitDIYGreifer/diy_soft_gripper_driver/diy_soft_gripper_driver/install/diy_soft_gripper_driver/share/diy_soft_gripper_driver/environment/ament_prefix_path.sh
[5.582s] -- Installing: /home/mathias/ProjektarbeitDIYGreifer/diy_soft_gripper_driver/diy_soft_gripper_driver/install/diy_soft_gripper_driver/share/diy_soft_gripper_driver/environment/ament_prefix_path.dsv
[5.583s] -- Up-to-date: /home/mathias/ProjektarbeitDIYGreifer/diy_soft_gripper_driver/diy_soft_gripper_driver/install/diy_soft_gripper_driver/share/diy_soft_gripper_driver/environment/path.sh
[5.583s] -- Installing: /home/mathias/ProjektarbeitDIYGreifer/diy_soft_gripper_driver/diy_soft_gripper_driver/install/diy_soft_gripper_driver/share/diy_soft_gripper_driver/environment/path.dsv
[5.583s] -- Installing: /home/mathias/ProjektarbeitDIYGreifer/diy_soft_gripper_driver/diy_soft_gripper_driver/install/diy_soft_gripper_driver/share/diy_soft_gripper_driver/local_setup.bash
[5.583s] -- Installing: /home/mathias/ProjektarbeitDIYGreifer/diy_soft_gripper_driver/diy_soft_gripper_driver/install/diy_soft_gripper_driver/share/diy_soft_gripper_driver/local_setup.sh
[5.583s] -- Installing: /home/mathias/ProjektarbeitDIYGreifer/diy_soft_gripper_driver/diy_soft_gripper_driver/install/diy_soft_gripper_driver/share/diy_soft_gripper_driver/local_setup.zsh
[5.584s] -- Installing: /home/mathias/ProjektarbeitDIYGreifer/diy_soft_gripper_driver/diy_soft_gripper_driver/install/diy_soft_gripper_driver/share/diy_soft_gripper_driver/local_setup.dsv
[5.584s] -- Installing: /home/mathias/ProjektarbeitDIYGreifer/diy_soft_gripper_driver/diy_soft_gripper_driver/install/diy_soft_gripper_driver/share/diy_soft_gripper_driver/package.dsv
[5.584s] -- Installing: /home/mathias/ProjektarbeitDIYGreifer/diy_soft_gripper_driver/diy_soft_gripper_driver/install/diy_soft_gripper_driver/share/ament_index/resource_index/packages/diy_soft_gripper_driver
[5.584s] -- Installing: /home/mathias/ProjektarbeitDIYGreifer/diy_soft_gripper_driver/diy_soft_gripper_driver/install/diy_soft_gripper_driver/share/diy_soft_gripper_driver/cmake/ament_cmake_export_include_directories-extras.cmake
[5.584s] -- Installing: /home/mathias/ProjektarbeitDIYGreifer/diy_soft_gripper_driver/diy_soft_gripper_driver/install/diy_soft_gripper_driver/share/diy_soft_gripper_driver/cmake/diy_soft_gripper_driverConfig.cmake
[5.585s] -- Installing: /home/mathias/ProjektarbeitDIYGreifer/diy_soft_gripper_driver/diy_soft_gripper_driver/install/diy_soft_gripper_driver/share/diy_soft_gripper_driver/cmake/diy_soft_gripper_driverConfig-version.cmake
[5.585s] -- Up-to-date: /home/mathias/ProjektarbeitDIYGreifer/diy_soft_gripper_driver/diy_soft_gripper_driver/install/diy_soft_gripper_driver/share/diy_soft_gripper_driver/package.xml
[5.588s] Invoked command in '/home/mathias/ProjektarbeitDIYGreifer/diy_soft_gripper_driver/diy_soft_gripper_driver/build/diy_soft_gripper_driver' returned '0': CMAKE_PREFIX_PATH=/home/mathias/ProjektarbeitDIYGreifer/diy_soft_gripper_driver/diy_soft_gripper_driver/install/gripper_interface:/home/mathias/ProjektarbeitDIYGreifer/diy_soft_gripper_driver/diy_soft_gripper_driver/install/diy_soft_gripper_driver:/home/mathias/ros2_ws/install/diy_robotics_gripper:/home/mathias/ros2_ws/install/gripper_interface:/home/mathias/ros2_ws/install/cpp_srvcli_gripper:/home/mathias/ros2_ws/install/cpp_service:/opt/ros/humble /usr/bin/cmake --install /home/mathias/ProjektarbeitDIYGreifer/diy_soft_gripper_driver/diy_soft_gripper_driver/build/diy_soft_gripper_driver
